508559 158541 898478 100
28820 1442 50097 100
101556 29398 174974 100
736198 736198 736198 10
484413 264540 704286 20
131703 66792 187251 100
0 0 0 0
310267 97106 412466 100
237856 34211 803224 100
0 0 0 0
389217 175808 727408 30
511178 181756 770926 100
65878 40768 97286 100
521358 47820 972918 70
534283 110123 933968 30
508110 192175 785975 100
742559 742559 742559 10
265274 265274 265274 10
259583 30803 493366 100
709697 520376 965372 40
0 0 0 0
54811 22991 105781 100
276545 117391 473570 100
93588 25299 164637 100
186183 129374 252141 100
300925 115706 445293 100
218381 76621 381983 100
395657 225683 846678 50
0 0 0 0
490182 29138 853035 90
46282 15270 89605 50
528976 243874 737934 100
371190 107068 673709 100
29936 10690 64569 100
314889 160374 448180 100
287095 263711 310480 20
55968 8764 125824 100
87192 29818 121395 100
260454 24840 497301 100
393144 66557 870874 50
393003 133372 973429 60
30792 13228 67843 100
238610 36676 392603 100
453705 113266 844956 50
26369 8915 39431 100
126703 43702 202474 100
536386 206781 921500 100
144385 32355 213146 100
44191 2005 95605 100
368846 52494 912561 100
0 0 0 0
478603 92341 875716 50
310467 10134 462168 60
783593 780246 786941 20
302648 214060 365065 50
98915 17886 169444 100
87621 18367 126119 100
0 0 0 0
118852 45686 206856 100
107475 8297 177380 100
643116 295236 905295 70
100254 17148 221032 100
518271 232519 867670 50
5691 2801 9214 100
422322 18074 744389 100
549101 186102 709188 40
77056 2563 142065 100
468763 243533 737286 100
714699 331935 946380 40
4735 3214 8491 100
98580 1509 161961 100
186515 68691 275060 100
70407 47577 90504 100
607912 339618 812229 90
56404 15606 138340 100
599829 599829 599829 10
44066 6868 94617 100
0 0 0 0
509643 509643 509643 10
452715 179983 714002 100
80143 12316 210408 100
274101 125697 462783 100
391097 8114 805985 100
656829 656829 656829 10
220539 50426 516970 100
50405 26705 82777 100
58145 58145 58145 10
949343 949343 949343 10
124912 13862 206024 100
0 0 0 0
0 0 0 0
67674 5971 127258 100
436450 65777 806701 100
251789 76039 382113 100
342578 80107 571804 100
31397 1617 61136 100
0 0 0 0
29884 15491 42159 100
42062 16024 62525 100
99515 11849 146841 100
0 0 0 0
270493 270493 270493 10
367058 367058 367058 10
35626 8197 83812 100
389380 72067 863882 50
910362 910362 910362 10
554306 45978 866132 90
433476 401798 465154 20
645355 353557 863713 50
590830 508682 672979 20
167133 1159 472111 100
429757 429757 429757 10
106812 54741 176850 100
154677 30386 288331 100
133489 44739 216516 100
83675 8939 145435 100
235149 51077 334267 100
195584 3246 268692 100
27030 4580 48043 100
43411 4458 84148 100
475950 79627 881063 100
403594 165076 725902 100
387660 92569 967370 100
0 0 0 0
639738 621805 657672 20
14599 5913 24418 100
0 0 0 0
52156 8166 94281 100
156818 39501 288592 100
405873 57726 798111 40
0 0 0 0
551745 7323 936962 100
337622 203145 474692 100
0 0 0 0
204317 13802 328800 100
291665 97646 609195 100
87719 26199 143658 100
278712 5113 499438 100
724639 600100 849178 20
209591 5863 362200 100
71232 40047 125382 100
442330 30419 685844 100
478977 76923 793562 100
195465 3626 325980 100
40944 10861 71761 100
69508 13124 118652 100
213627 7885 384767 100
133712 18188 199893 100
383247 11850 748026 70
0 0 0 0
570466 145633 839573 40
414661 9398 901796 100
237835 95991 366442 100
665639 457316 851977 60
355945 34055 674712 40
616964 292493 941436 20
414049 38566 850696 90
144352 15621 320794 100
37623 19636 56800 100
71835 18683 99990 100
399958 337597 498019 30
40874 4655 69284 100
93648 20348 227862 100
263772 43529 466142 100
41274 19177 65580 100
321993 58434 585552 20
64031 19400 91080 100
0 0 0 0
25542 14057 40867 100
157620 29746 302436 100
170492 37595 287923 100
37687 6441 70972 100
153736 4908 321814 100
0 0 0 0
104963 79594 130333 20
37020 15943 52620 100
84202 14766 157213 100
0 0 0 0
47694 30269 89285 100
352893 20690 685096 20
98057 46396 192790 100
19094 707 32989 100
0 0 0 0
347377 23565 441908 50
379554 334611 424497 20
26885 8798 44364 100
481564 153484 958827 60
319695 1073 580152 100
296370 296370 296370 10
23511 5281 37241 100
284936 4199 521362 100
226563 37209 417004 100
581216 244470 979225 60
437958 169815 978885 60
9941 3637 17970 100
412428 197064 632003 100
158870 31450 250378 100
520374 475843 564906 20
25408 15568 43616 100
71838 27703 104752 100
433842 37016 685226 100
615075 215687 995721 40
194547 194547 194547 10
451491 237786 932149 90
26176 1267 38590 100
529410 6977 881037 30
178589 66516 266313 100
124431 22628 269906 100
164741 36680 438975 100
113959 113959 113959 10
147931 9649 272010 100
96465 30140 162379 100
92697 9962 147400 100
385450 85158 687003 100
248137 37955 506861 100
407122 389540 424705 20
578880 331705 725235 30
291428 15910 590306 100
33126 13185 52683 100
37219 1772 72667 20
78808 32086 133984 100
280044 83669 659451 70
34390 3426 75854 100
66264 7057 148152 100
301922 95462 529528 100
101987 20434 155766 100
122767 7377 255875 100
169217 20630 390869 100
202389 16154 390774 100
921209 897487 965972 30
0 0 0 0
679769 665552 693986 20
45894 7200 77067 100
0 0 0 0
94079 21214 205737 100
640407 554793 726021 20
230854 76360 338282 30
376927 27226 713318 100
41860 7256 87145 100
0 0 0 0
536870 34207 925177 80
281998 101226 526979 30
944671 944671 944671 10
342998 108034 555891 90
87006 10379 128111 100
459456 33924 942178 90
209087 33498 410839 100
574552 264856 842199 40
138181 25670 298601 100
216923 66059 371014 100
103584 26057 190095 100
170931 28531 239682 100
133768 14932 180953 100
109594 16096 209213 100
318779 10796 672840 100
140929 10894 257687 100
103190 18055 162171 100
418704 37130 756349 60
345193 38423 640428 50
0 0 0 0
199734 61358 453644 30
375071 23445 820571 30
499648 115328 858434 100
572571 242574 994726 80
567056 405301 728811 20
82556 30921 150363 100
251436 50263 378973 100
90237 20570 184829 100
403719 84719 763281 100
607657 148872 923069 90
317421 80887 573727 100
361374 23299 876073 100
0 0 0 0
55059 5341 101001 100
248149 18345 486268 100
5860 1293 14058 100
694458 590752 896076 40
89853 47019 131813 100
96587 30036 161497 100
225796 21506 401307 100
32496 11834 54560 100
349457 193033 478736 100
529599 191828 994579 50
675654 652479 698829 20
172401 15655 314056 100
382146 7002 794264 50
485981 59651 931028 70
79086 42316 121974 100
666267 666267 666267 10
378819 125915 884253 30
403159 176830 814444 100
641583 258852 930130 40
202035 61464 319026 30
484035 125156 676917 100
101373 19448 181809 100
144347 124660 179826 40
402775 82681 722419 60
160925 47470 245343 100
66283 25770 98458 100
15027 1556 24774 100
293750 35281 450249 100
232166 15121 415777 100
454524 151696 978598 40
372507 88721 652855 100
186430 29425 314506 100
48092 12015 79968 100
571860 150454 900897 90
146086 10061 292928 100
999542 999542 999542 10
22160 10953 26386 100
66537 3944 130366 100
139345 13187 357510 30
326112 21670 771994 100
794661 766741 822582 20
535798 287187 989324 40
628550 280420 998234 40
831711 756932 903560 40
523779 309797 711349 30
514559 147565 881046 30
638373 294583 924057 70
286276 45542 543590 100
25908 15569 39858 100
503095 30628 767911 80
89771 35409 154359 100
18287 12183 24082 100
24843 24843 24843 10
144309 19910 264342 100
62623 18307 101249 100
527409 461395 593423 20
340298 42551 558734 100
37066 11897 62337 100
644103 385399 859608 40
354903 100991 526379 30
420922 172183 965216 70
405373 259049 517504 100
139904 35047 189402 100
55232 6354 93110 100
23458 4769 37986 100
185067 51961 383825 100
103868 13747 202982 100
527311 30953 874584 100
21962 5948 54059 100
71121 5653 125709 100
0 0 0 0
156788 11867 358993 100
521110 99360 942861 20
77390 2000 190307 100
14441 699 29215 100
921798 921798 921798 10
574256 229222 919290 20
209986 36395 516489 100
0 0 0 0
125729 35029 216430 20
143587 63806 251943 100
385295 23245 624270 50
46607 2937 77875 100
452713 42700 981672 60
30629 18670 41618 100
495552 137268 779043 70
487469 171194 728979 50
31856 6058 58002 100
511605 15455 905576 100
28115 3019 47392 100
16105 6601 26427 100
18934 3631 34238 100
30153 8993 57904 100
496412 4034 785019 100
691926 691926 691926 10
185919 19659 310711 100
225047 102060 334767 100
55769 4279 108492 100
151231 20925 217835 100
529908 36325 985116 100
259770 51821 536464 100
968670 968670 968670 10
26040 3730 45743 100
275540 51351 402852 100
42429 3604 94534 100
574771 19818 954745 60
206935 20986 385053 100
378125 81494 699827 100
0 0 0 0
0 0 0 0
143291 14410 217859 100
507662 19626 818240 100
30874 6544 58310 100
469939 167068 826042 100
443079 83315 711181 80
497041 110738 932059 100
19580 12757 27630 100
234846 25237 484021 100
40854 15909 73994 100
387312 1762 877341 100
386023 688 671236 100
87691 19630 184384 100
224881 19399 490565 100
6154 1541 10708 100
15336 1432 44529 100
262741 8543 421625 100
234414 52937 412209 100
307569 6811 563623 40
268726 86174 451417 100
421889 26997 861265 60
159262 67550 225506 60
217910 35630 391109 100
289854 68505 745590 60
23626 13779 35257 100
79711 3061 134536 100
211653 14413 446106 100
172461 10135 343140 100
241272 34390 457188 100
0 0 0 0
680568 503486 808601 40
308640 239910 377371 20
0 0 0 0
473976 14773 831151 100
164064 30762 318349 100
643723 131502 972524 60
279811 72799 418502 100
82454 25637 157744 100
0 0 0 0
220850 74789 430869 30
62005 3382 120594 100
139264 48627 209783 100
99047 43294 238597 100
718603 543868 937888 70
0 0 0 0
17063 1391 42651 100
520871 520871 520871 10
52396 23787 78022 100
405621 30304 811999 100
126099 9819 237348 100
360256 234201 491900 100
19377 2235 40458 100
81562 9040 189196 100
51619 11896 90217 100
761625 286879 925549 40
729989 568265 905272 40
222815 57786 414301 100
266292 182987 346356 100
323977 117980 893589 60
357475 187132 495603 100
61690 24317 118247 100
15551 2293 27022 100
625426 77229 993454 30
760010 760010 760010 10
136997 6241 270850 100
109112 16857 215319 100
6385 1059 11293 100
394694 206133 556132 100
495766 59329 969586 40
50638 11355 94331 100
477835 350389 777784 80
17662 8522 26976 100
576120 306619 845622 20
58425 29391 97137 100
368931 132300 550934 30
64990 13950 118673 100
400099 195790 476376 100
247420 13031 339440 100
159052 64750 202457 100
139171 50337 231415 100
161130 35941 322712 100
444440 64468 943510 100
85716 85716 85716 10
868637 665409 970358 30
198041 54644 328786 100
27936 4428 45108 100
48590 5651 78347 100
447695 57181 710588 100
39471 7128 72430 100
350821 350821 350821 10
382664 66177 696647 100
168881 24697 320864 100
217386 8656 555148 100
549471 13135 958947 100
481583 156584 954270 70
31953 10970 60083 100
32009 19223 48000 100
401578 136737 848012 40
170901 6346 449089 100
16089 4493 25199 100
258438 158354 359712 30
562986 81097 960507 50
537098 194722 736309 80
0 0 0 0
161713 5501 343145 100
67086 14421 99988 100
182673 37446 411785 100
559767 214954 904580 20
0 0 0 0
68734 4768 117740 100
89928 14822 168446 100
566685 17845 863405 100
628987 373535 841710 30
623773 184156 867156 100
184445 70745 309413 100
212479 27503 412471 40
0 0 0 0
557416 62076 922979 40
192928 96520 313776 100
348216 65767 812077 100
379348 178662 471306 40
175829 42085 322814 100
363043 134768 574798 100
295316 37460 458738 100
274180 45129 441622 100
132774 28193 196195 100
127261 22171 230857 100
237607 237607 237607 10
0 0 0 0
0 0 0 0
184432 2661 327324 100
0 0 0 0
354023 60082 799204 90
86251 44168 119806 100
0 0 0 0
470727 73971 856917 90
30520 4094 55301 100
465785 465785 465785 10
145252 20924 341133 100
6398 898 12717 100
72361 21537 117028 100
424538 153048 696028 20
573304 287399 990863 50
426105 202221 805751 30
309654 172643 408851 40
0 0 0 0
626643 158122 939703 70
0 0 0 0
444576 13718 861935 60
586120 34376 999085 100
439522 109612 981808 50
108146 53873 144424 100
184006 63834 334192 100
212178 70643 334388 40
594665 36742 934010 80
485761 47243 994023 90
97838 9580 173075 100
391499 11285 722858 100
588107 321519 860799 80
92988 22702 175829 100
682927 316128 955942 70
710537 591943 849874 30
131297 23543 254033 100
15276 2889 23717 100
196679 71589 291487 100
0 0 0 0
634240 441160 873039 40
164595 26427 302960 100
116265 4885 239101 100
421109 84249 677245 100
370187 3374 784668 100
181493 27741 367959 100
141061 44136 233019 100
170857 104628 231865 100
151585 151585 151585 10
0 0 0 0
443152 95646 700403 90
0 0 0 0
0 0 0 0
322873 208928 436818 20
190660 190660 190660 10
11062 2324 23108 100
174449 57241 250466 100
261592 47688 521329 100
47468 5022 94893 100
399730 67872 669662 100
446980 363429 530532 20
245575 47377 393572 100
494090 81886 824406 40
26112 6382 46968 100
505197 186833 803610 60
509095 509095 509095 10
192322 15448 318904 100
367566 61971 673161 20
619933 327331 927102 40
222085 90227 303487 30
61303 7607 118177 100
569745 110526 920289 90
245346 82727 368470 100
23267 6298 32037 100
11787 1579 23306 100
13043 1451 27194 100
526237 526237 526237 10
68619 26104 108650 100
49707 4541 102936 100
157402 17081 342800 100
210375 128788 291963 20
140384 7261 243018 100
61713 20243 93213 100
879779 879779 879779 10
451200 72342 830059 20
366827 311737 410578 30
113689 19336 155006 100
565641 229762 833561 100
531143 216814 979357 90
379118 123731 567601 100
681922 275597 887304 30
370096 56206 983321 50
671155 448262 974648 70
35512 4705 68645 100
232879 11729 981730 80
201517 8514 621846 50
700814 41862 992844 50
555944 202354 799870 60
225304 225304 225304 10
359111 166715 647019 100
0 0 0 0
57991 4084 115671 100
102307 43652 182993 100
538064 538064 538064 10
439584 108242 601061 100
297230 111352 506472 100
189839 46748 383558 100
0 0 0 0
273075 85385 491214 100
432410 70265 610320 100
0 0 0 0
0 0 0 0
425003 83980 863648 70
617903 110533 943909 100
185344 24070 314395 100
69699 14320 118926 100
12635 1227 22058 100
97154 10718 151119 100
202806 52183 431367 100
350348 132893 800945 60
177708 9375 278767 100
16587 7186 28840 100
339444 29296 741256 30
22275 9105 32384 100
279193 106031 440631 100
0 0 0 0
29573 1641 51680 100
72376 8355 121581 100
28405 2698 47905 100
0 0 0 0
26992 7584 48183 100
161676 17713 240543 100
224659 47492 345799 100
257286 75206 583982 100
484710 237233 712316 40
906151 906151 906151 10
15618 4207 22448 100
209005 17588 332928 100
16930 5492 25565 100
101915 7462 153278 100
282777 108095 460636 100
60597 7259 139911 100
81716 25370 148374 100
134690 1079 248940 100
125745 15051 263157 100
318913 83146 557248 100
629130 415796 846971 80
378526 166860 631303 100
610978 27279 940806 60
0 0 0 0
9152 1062 15081 100
645248 645248 645248 10
81564 22183 134322 100
145718 31302 206698 100
99765 12686 204070 100
0 0 0 0
153318 14669 255670 100
31189 7512 48371 100
534790 18226 929931 100
597028 331294 844026 60
260002 104925 559552 30
