657 76 1196 100
276 56 586 100
172 63 315 100
312 70 714 100
103 57 211 100
358 87 801 100
91 61 136 100
228 56 397 100
74 57 137 100
82 65 112 100
224 81 386 100
95 56 175 100
109 58 157 100
244 131 342 100
80 57 121 100
133 56 360 100
95 58 170 100
135 60 219 100
253 174 398 100
81 55 123 100
134 57 225 100
78 55 118 100
289 89 618 100
83 56 118 100
239 64 513 100
98 56 193 100
223 62 435 100
238 81 500 100
206 57 411 100
166 56 541 100
339 74 719 100
294 57 770 100
200 63 533 100
102 56 214 100
149 99 185 100
95 57 175 100
306 61 711 100
300 60 426 100
597 65 1468 100
229 55 432 100
409 63 943 100
132 57 261 100
134 55 565 100
316 81 773 100
70 55 84 100
74 56 90 100
451 63 1030 100
621 156 1174 100
196 93 458 100
157 59 395 100
801 168 1500 100
134 70 208 100
206 57 450 100
160 65 366 100
312 63 553 100
181 57 281 100
144 55 314 100
358 74 602 100
94 57 145 100
132 60 283 100
190 68 315 100
503 61 1338 100
128 60 214 100
69 61 100 100
156 81 302 100
207 66 366 100
233 74 426 100
62 56 73 100
208 85 316 100
83 57 126 100
213 67 429 100
398 69 1015 100
242 117 402 100
94 57 149 100
71 56 87 100
119 56 190 100
164 57 468 100
131 57 464 100
73 57 104 100
107 57 195 100
256 147 396 100
174 86 272 100
129 55 183 100
205 59 374 100
173 56 252 100
210 54 435 100
360 82 625 100
278 85 506 100
212 58 516 100
187 54 372 100
160 91 296 100
108 55 192 100
100 61 174 100
114 60 246 100
149 55 293 100
60 55 70 100
142 59 414 100
91 56 145 100
119 85 182 100
139 60 423 100
1412 473 2677 100
111 57 246 100
209 58 464 100
72 58 98 100
102 55 150 100
182 114 317 100
126 62 280 100
243 61 491 100
318 57 658 100
110 57 211 100
288 122 519 100
743 232 1152 100
141 83 188 100
228 79 491 100
100 55 163 100
303 102 578 100
95 60 154 100
207 77 350 100
109 62 167 100
151 59 258 100
181 62 398 100
89 58 127 100
355 64 729 100
490 75 878 100
445 63 940 100
123 56 224 100
73 56 84 100
72 61 96 100
114 67 208 100
133 63 417 100
395 74 1042 100
866 57 1614 100
658 70 1453 100
1603 72 4087 100
328 61 720 100
367 69 645 100
65 56 79 100
145 65 320 100
136 75 275 100
88 69 119 100
603 145 841 100
523 59 1303 100
357 71 619 100
338 67 956 100
184 78 342 100
90 57 158 100
175 68 281 100
71 56 105 100
178 58 350 100
415 57 1413 100
283 69 575 100
65 56 89 100
135 56 342 100
167 99 283 100
748 57 2055 100
207 72 437 100
120 56 232 100
103 56 236 100
132 55 261 100
171 57 369 100
207 151 316 100
120 60 196 100
117 57 275 100
177 86 267 100
314 59 538 100
389 205 633 100
126 60 232 100
68 56 94 100
288 67 554 100
132 54 245 100
83 56 130 100
116 54 225 100
305 62 796 100
728 88 1684 100
307 55 1013 100
137 101 250 100
141 62 338 100
833 87 1502 100
114 57 209 100
1148 385 1837 100
153 57 290 100
109 52 190 100
206 67 298 100
174 60 420 100
212 98 615 100
354 148 717 100
311 68 516 100
106 57 262 100
69 57 88 100
70 54 92 100
331 61 788 100
292 162 583 100
192 90 288 100
153 56 304 100
96 55 146 100
104 61 164 100
104 56 174 100
374 76 708 100
212 66 425 100
92 56 186 100
374 104 888 100
753 104 1654 100
326 70 906 100
935 257 1494 100
241 60 395 100
248 67 422 100
435 76 909 100
265 86 433 100
285 57 646 100
130 55 306 100
186 84 420 100
102 62 154 100
141 53 290 100
213 90 353 100
75 56 94 100
103 61 228 100
136 56 314 100
281 67 795 100
127 59 254 100
234 88 421 100
94 54 168 100
112 56 262 100
217 60 500 100
174 81 312 100
125 56 223 100
426 118 977 100
143 57 211 100
189 55 305 100
197 67 344 100
853 58 1812 100
371 70 700 100
4685 211 13170 100
249 85 518 100
376 61 555 100
175 61 275 100
349 105 546 100
250 66 458 100
154 55 340 100
166 56 354 100
615 154 1262 100
352 55 675 100
313 79 610 100
678 80 1695 100
4795 718 7278 100
665 169 1486 100
209 68 417 100
511 63 1198 100
262 79 606 100
205 144 394 100
838 56 2019 100
251 55 465 100
1856 600 3085 100
879 184 1605 100
185 54 365 100
281 57 526 100
1100 126 2006 100
220 100 363 100
304 63 497 100
148 56 304 100
499 55 1051 100
275 61 544 100
1813 834 3004 100
153 53 395 100
401 69 897 100
179 83 426 100
254 92 550 100
532 86 971 100
456 58 840 100
228 58 494 100
359 99 852 100
346 70 562 100
851 204 1862 100
216 54 348 100
391 257 506 100
341 56 578 100
262 55 480 100
146 61 291 100
200 64 369 100
212 65 414 100
380 56 808 100
123 55 172 100
192 72 394 100
247 75 455 100
162 75 330 100
174 56 392 100
270 70 596 100
113 54 174 100
87 56 132 100
156 57 257 100
184 92 366 100
105 56 163 100
214 57 415 100
271 68 371 100
196 81 477 100
128 103 167 100
115 76 240 100
228 56 559 100
566 124 1048 100
153 58 277 100
115 61 162 100
205 59 385 100
128 78 187 100
307 106 637 100
84 54 147 100
296 71 581 100
129 67 225 100
175 58 265 100
817 493 1110 100
68 57 107 100
159 55 262 100
359 134 728 100
369 79 590 100
99 55 143 100
148 60 388 100
73 57 97 100
117 57 273 100
123 72 201 100
664 99 1255 100
187 64 279 100
110 59 203 100
116 56 271 100
178 58 476 100
329 57 806 100
106 56 185 100
70 59 102 100
70 55 112 100
73 57 115 100
156 75 241 100
114 61 195 100
162 55 242 100
69 55 91 100
151 55 255 100
114 57 199 100
73 54 133 100
175 65 446 100
195 56 402 100
377 107 634 100
74 59 105 100
114 66 162 100
115 57 176 100
86 56 134 100
506 111 909 100
312 58 849 100
134 57 187 100
201 63 395 100
505 84 1148 100
206 61 363 100
183 98 268 100
809 57 2052 100
148 62 394 100
333 79 744 100
240 57 382 100
133 71 241 100
127 76 208 100
707 279 1094 100
251 66 512 100
215 92 492 100
150 56 386 100
409 110 872 100
101 57 164 100
124 70 200 100
108 66 224 100
247 71 640 100
117 71 227 100
67 56 91 100
230 149 338 100
210 81 399 100
1100 487 2034 100
207 77 450 100
129 66 196 100
220 127 337 100
220 56 332 100
391 58 676 100
354 134 507 100
162 63 313 100
76 57 113 100
464 111 1028 100
189 71 280 100
549 159 1022 100
160 58 291 100
227 101 392 100
2719 412 5463 100
198 68 453 100
639 75 1177 100
221 87 445 100
226 56 370 100
190 63 341 100
105 56 147 100
233 77 402 100
82 57 125 100
71 55 130 100
75 57 106 100
188 76 466 100
95 57 138 100
137 65 250 100
343 93 551 100
116 58 197 100
148 57 264 100
72 56 114 100
199 74 476 100
440 193 816 100
197 56 366 100
224 67 688 100
214 72 410 100
216 53 402 100
1063 429 2093 100
142 83 245 100
327 56 953 100
124 57 281 100
241 56 593 100
442 185 832 100
231 121 509 100
289 60 806 100
184 57 324 100
449 89 740 100
568 170 1196 100
216 56 515 100
153 55 267 100
140 91 273 100
179 80 322 100
691 62 1752 100
430 64 1356 100
105 63 168 100
125 57 242 100
556 236 928 100
69 57 76 100
86 60 127 100
318 94 495 100
267 119 458 100
349 118 769 100
175 59 361 100
153 104 241 100
241 56 509 100
411 177 698 100
99 57 164 100
246 77 411 100
337 57 585 100
607 142 948 100
159 83 232 100
127 56 291 100
117 55 277 100
266 54 481 100
80 56 133 100
78 57 98 100
259 57 442 100
73 53 110 100
276 84 666 100
121 56 255 100
64 56 85 100
112 59 248 100
76 57 102 100
136 67 212 100
100 58 131 100
94 56 129 100
285 112 633 100
120 57 182 100
159 57 362 100
1013 240 2560 100
159 68 302 100
282 69 517 100
108 56 242 100
85 55 114 100
211 153 302 100
333 91 564 100
347 150 725 100
310 113 608 100
563 83 1372 100
244 70 474 100
293 67 718 100
410 201 749 100
148 68 290 100
215 57 427 100
155 64 261 100
281 67 694 100
147 75 254 100
299 55 940 100
625 71 1086 100
89 58 176 100
201 77 361 100
108 59 173 100
201 123 350 100
206 57 516 100
525 138 917 100
187 65 302 100
211 93 358 100
299 115 640 100
137 58 313 100
315 107 591 100
515 238 1039 100
222 57 366 100
133 56 194 100
353 56 752 100
388 126 655 100
396 199 792 100
199 65 436 100
286 89 549 100
625 64 1277 100
598 88 1080 100
195 68 335 100
241 58 801 100
388 103 928 100
248 54 438 100
2595 218 6350 100
77 55 116 100
195 61 346 100
397 175 655 100
162 57 251 100
337 71 1076 100
164 87 338 100
202 57 453 100
83 56 122 100
107 57 167 100
109 56 168 100
446 76 609 100
102 58 163 100
89 56 164 100
127 58 162 100
157 78 315 100
84 55 198 100
96 61 133 100
100 67 149 100
103 72 175 100
474 87 769 100
117 58 160 100
329 150 645 100
233 59 430 100
110 67 221 100
340 109 540 100
501 116 808 100
2110 70 3730 100
234 66 976 100
369 60 719 100
714 125 1454 100
778 244 1656 100
200 56 357 100
395 103 929 100
192 58 316 100
86 57 159 100
137 59 242 100
245 65 521 100
271 56 503 100
160 57 287 100
120 62 222 100
129 72 209 100
516 155 961 100
165 88 272 100
908 101 1796 100
254 57 510 100
246 94 363 100
1798 426 3227 100
246 60 415 100
663 340 964 100
238 72 513 100
221 97 330 100
62 56 81 100
286 115 426 100
97 74 121 100
337 63 812 100
262 88 470 100
327 127 550 100
157 74 251 100
93 71 106 100
197 70 455 100
107 55 195 100
285 112 523 100
77 56 116 100
86 57 156 100
170 78 220 100
279 60 455 100
89 56 121 100
136 62 256 100
104 58 138 100
129 58 228 100
86 58 146 100
108 60 213 100
142 63 238 100
147 57 246 100
210 67 429 100
139 57 239 100
155 79 222 100
193 74 408 100
118 73 176 100
63 56 85 100
107 63 153 100
157 57 288 100
135 57 283 100
156 59 282 100
103 58 211 100
566 226 1155 100
83 55 142 100
173 61 392 100
113 56 212 100
205 63 309 100
1202 112 1926 100
145 57 226 100
676 273 1088 100
349 116 556 100
1003 95 1943 100
343 129 909 100
190 83 333 100
348 178 547 100
175 99 314 100
241 73 544 100
563 134 1106 100
1072 553 2000 100
263 61 447 100
393 139 679 100
826 427 1179 100
529 168 966 100
273 58 539 100
180 79 350 100
245 92 411 100
419 90 920 100
1193 183 1902 100
653 204 1486 100
752 76 1623 100
229 81 496 100
823 209 1512 100
249 72 474 100
221 60 403 100
1152 195 3457 100
426 236 585 100
150 59 311 100
750 87 1488 100
187 57 298 100
302 91 565 100
322 104 530 100
391 91 1256 100
325 56 684 100
91 57 172 100
245 75 773 100
98 65 171 100
301 91 771 100
210 72 419 100
128 69 186 100
328 189 532 100
113 61 161 100
129 62 310 100
111 62 180 100
139 56 342 100
2276 96 4407 100
297 99 750 100
286 115 460 100
289 73 510 100
142 57 363 100
517 134 802 100
74 57 94 100
208 73 396 100
443 123 653 100
234 60 349 100
74 56 129 100
349 71 833 100
295 116 535 100
165 67 279 100
410 158 866 100
181 85 329 100
181 62 336 100
217 64 361 100
249 57 509 100
90 58 129 100
90 58 127 100
64 56 76 100
175 71 291 100
334 58 695 100
115 56 199 100
129 56 272 100
301 57 531 100
435 73 1433 100
299 108 528 100
