53183 7049 104960 100
2476 607 5592 100
12730 5022 20123 100
170078 7655 391081 100
232204 21776 435858 100
11389 5933 18488 100
537144 124803 949485 20
29821 6366 60594 100
41125 8879 90275 100
655637 58904 958793 60
227805 57076 441858 100
48507 10196 87214 100
6078 2529 10012 100
57811 863 105774 100
191264 18290 393650 100
46373 6286 86254 100
568025 31867 896041 30
521242 42661 850815 100
43584 30555 61409 100
88219 4571 261575 100
246904 54319 547327 30
7854 1631 13372 100
40464 16951 54899 100
13624 3650 22344 100
20761 15464 26429 100
33783 8571 62143 100
18041 509 38288 100
132040 15538 278185 100
373622 70416 698579 60
73042 2770 131999 100
73165 3191 141950 100
40272 5110 69938 100
37073 1063 89981 100
7485 682 11440 100
30373 1648 45581 100
102680 19012 166348 100
5897 458 12525 100
8466 3062 13277 100
38980 3589 67616 100
157001 934 330809 100
92782 8505 183780 100
4344 1508 7203 100
23438 6790 39581 100
99050 1289 203656 100
2287 270 4546 100
13672 4135 22453 100
48890 17028 73512 100
15157 4742 31027 100
6510 1115 10623 100
69213 8568 114437 100
330104 32464 615157 100
119364 3512 231851 100
115673 14094 254090 100
326570 57466 900561 100
263222 5017 580217 100
13973 5893 26454 100
8542 3431 14421 100
545910 246366 870966 100
10561 887 19029 100
6208 265 17915 100
77920 5052 120826 100
13236 8165 20591 100
141282 25127 288539 100
640 205 890 100
48234 17846 83422 100
270560 64690 476431 20
6954 700 15635 100
50124 12243 85741 100
143237 51019 242692 100
810 247 1151 100
9067 2581 19084 100
27069 5608 38106 100
3170 684 5286 100
83191 39178 124464 100
7548 2019 15736 100
379552 33158 786321 100
7453 3349 11004 100
566369 32870 932601 40
588968 258919 840989 80
45338 7698 75363 100
10934 3512 24906 100
26014 1886 50343 100
59898 832 91419 100
627627 255768 870162 80
29476 2231 54680 100
4329 1776 8271 100
240665 18542 440397 100
401588 137689 723264 100
15885 816 35413 100
612907 51491 972973 60
483067 129831 864172 100
7991 5451 12161 100
56830 3127 86628 100
27523 4333 43464 100
25802 5915 45829 100
2391 192 5602 100
0 0 0 0
2592 235 4951 100
4333 725 6768 100
10208 2346 16364 100
704630 593802 815458 20
240886 100901 350742 100
589694 277184 978863 80
4519 683 8205 100
176109 70826 236135 100
396218 133296 612655 100
69350 1588 148961 100
173074 40397 317614 100
189302 85833 269869 100
174343 8233 290937 100
28266 4503 57252 100
574855 326307 705617 40
10424 2196 15165 100
22205 9112 33351 100
14877 3142 27301 100
11406 6858 15321 100
21690 2121 38455 100
13077 1112 26045 100
3073 221 4816 100
6316 1557 10750 100
35488 2245 100566 100
44504 21157 81836 100
62033 14644 102725 100
362314 79761 565176 100
246602 91365 384960 100
1716 584 2444 100
485960 42043 977018 90
7612 862 12933 100
20046 4871 40517 100
97012 11228 233639 100
392713 62066 664617 100
58072 691 132915 100
36658 12553 55604 100
348735 169546 562005 100
20692 4147 40669 100
35395 6855 63650 100
7204 2821 16238 100
33754 1333 65482 100
194336 38765 432044 100
21220 7988 33418 100
5714 1683 11040 100
49544 20263 99133 100
43883 956 76486 100
25698 3448 39310 100
4908 503 6976 100
7926 1379 13004 100
24860 7822 41062 100
14376 6872 19156 100
101201 23411 141648 100
0 0 0 0
234319 21347 457527 100
42043 9310 96433 100
29924 8839 46012 100
182034 36740 265174 100
138693 337 292750 100
326811 181872 454962 100
76699 35660 124022 100
19384 853 33752 100
4217 706 6948 100
8242 4409 13673 100
214928 44258 350696 100
4194 184 8012 100
18506 4692 28549 100
28260 3925 50367 100
4175 2135 7249 100
132154 39675 241847 100
12796 5388 19237 100
524653 483057 569618 30
2551 1518 3334 100
16058 1810 31574 100
14449 885 33660 100
4791 1994 7931 100
17978 2906 36340 100
460036 200217 685425 100
426222 56129 965816 100
5365 2073 9248 100
7969 722 15678 100
253221 72468 399142 100
6940 325 12472 100
210651 23945 411813 100
11297 3659 18439 100
1198 99 3711 100
521550 273639 810126 50
121832 1256 242289 100
138930 37853 223562 100
4221 1707 5534 100
97311 8330 197793 100
39462 9316 69553 100
946230 946230 946230 10
2810 618 4425 100
32150 287 58288 100
21925 2873 45995 100
146076 40587 214196 100
242845 35075 395313 100
1159 457 1951 100
36440 551 73902 100
14165 7609 25719 100
152487 4177 333058 100
3370 996 5645 100
9077 583 14129 100
35015 3192 79315 100
108482 25373 219808 100
270597 19191 736358 100
71619 6894 113166 100
3646 1634 5307 100
141929 36114 233914 100
21491 6515 36447 100
14481 2552 31150 100
18800 522 52270 100
516109 95755 896073 80
21971 6414 37399 100
10762 2791 16260 100
7461 1181 13715 100
43614 172 75017 100
32912 5169 61458 100
110081 5219 289721 100
114323 15265 165091 100
46980 2323 62786 100
3294 1007 5368 100
305984 5045 641318 100
10162 3173 17213 100
105118 7041 199465 100
5764 1026 9668 100
10315 963 15528 100
28483 5811 50090 100
9812 2931 16083 100
13494 830 29417 100
22245 7962 39886 100
27773 8890 36616 100
267718 11137 536825 100
173882 65935 349697 100
239374 27664 716038 70
5212 790 8559 100
0 0 0 0
9690 1492 24860 100
162256 38866 265116 100
157554 21629 219490 100
17811 2094 78404 100
6505 964 10925 100
369143 108805 931894 70
93878 29793 172485 100
173180 72876 244761 100
453218 176472 722192 100
53558 13828 106827 100
6880 1044 13226 100
74560 19692 131398 100
13473 887 42027 100
156479 36299 231358 100
20072 2002 29545 100
31167 8634 43132 100
13449 1696 22249 100
25478 8245 44185 100
12605 2011 20096 100
12108 648 20588 100
39933 1102 70004 100
15636 4863 29782 100
11414 1713 25308 100
115511 10202 211984 100
161064 10104 384283 100
168645 51588 349679 100
167495 30679 435855 100
71259 7882 201817 100
54747 8842 91606 100
105864 16177 303603 100
455490 139219 683707 100
8150 852 15703 100
27458 16213 38717 100
9942 2688 18364 100
39738 7069 88182 100
69168 4000 132412 100
38051 14385 59841 100
55229 2674 97711 100
245588 70225 365385 100
6156 480 10916 100
34416 1683 51018 100
955 158 1648 100
88958 44295 142409 100
8682 2740 14626 100
12479 3553 17601 100
18531 1136 35514 100
4462 1724 6343 100
33745 13132 43034 100
139469 3197 312960 100
457748 61626 912593 100
20448 5062 37878 100
214123 16359 293598 100
95864 56533 148326 100
10098 1097 13856 100
422158 100086 611410 40
107829 8309 258580 100
41103 5884 84124 100
352527 134066 504615 100
175642 28580 334289 100
37046 5552 79307 100
10170 2161 21289 100
254059 3619 366932 100
88180 3327 147582 100
16465 7314 25483 100
6527 1484 10635 100
1648 948 2338 100
24103 3303 46399 100
25389 4596 47035 100
110783 28305 215487 100
45264 4130 76903 100
18759 1717 31878 100
4570 595 8377 100
44490 8728 92748 100
18770 917 29803 100
242254 5087 394171 100
1941 1072 2719 100
5600 481 13944 100
549879 178953 792239 100
61181 3594 96979 100
366781 94300 631497 100
127947 6573 229575 100
123198 30262 222436 100
92879 21087 149804 100
708684 569628 929121 40
339345 16803 614113 100
87354 27879 153269 100
34869 23000 55136 100
2007 849 3118 100
74093 20501 133378 100
10984 547 17073 100
2862 948 4018 100
283786 103231 786112 50
16667 1514 30446 100
6865 1776 9511 100
112474 2760 240100 100
25375 2894 60606 100
4443 1687 6563 100
112361 1129 221585 100
112826 27468 191461 100
104408 39074 157263 100
38535 12165 78268 100
7843 1870 17568 100
5767 841 10180 100
2386 164 4056 100
17298 4774 42729 100
15066 6122 23128 100
57394 1499 97581 100
2849 277 5791 100
9587 2462 14157 100
647268 124461 954504 70
23622 8484 37002 100
249929 42738 468660 100
12731 3712 21812 100
1587 111 3134 100
446975 28215 920479 100
307532 21867 571405 100
36007 616 58114 100
113317 13773 272060 100
576480 18684 945030 40
16631 4399 29112 100
180652 3962 434106 100
6809 309 12690 100
62059 1645 204456 100
3065 432 5492 100
72045 13813 117055 100
93319 14448 146336 100
5058 697 7518 100
33540 4972 81345 100
3481 1085 4827 100
1670 271 2758 100
2132 153 3587 100
4458 2037 6190 100
47739 2666 88676 100
579068 79895 986226 70
19276 919 34270 100
17231 2334 38965 100
5228 696 11550 100
14234 2432 27927 100
54837 6662 108119 100
37713 7174 64496 100
252748 101446 394530 100
2355 712 5109 100
19470 391 44657 100
9313 6945 13198 100
66843 8330 136202 100
19494 514 36417 100
24731 6878 58146 100
658700 202029 996846 40
324241 86099 447673 30
18805 4466 24199 100
47918 2428 102554 100
4419 690 6506 100
44267 11242 82026 100
57683 2444 119916 100
45667 2231 98356 100
1988 491 3355 100
24681 5721 52429 100
4171 484 7068 100
71540 3546 133653 100
46627 17175 69958 100
11298 283 21580 100
30668 2258 58402 100
679 159 1200 100
2697 1165 5478 100
22230 4874 51188 100
22243 2277 47202 100
143304 39803 246286 100
23939 4318 48597 100
74636 6627 157088 100
152686 1251 343406 100
31254 9957 51780 100
59685 2696 135876 100
2072 463 4514 100
11443 3831 20539 100
31319 1797 49160 100
22908 11736 33404 100
25506 1276 48956 100
100275 5335 147771 30
91911 7194 193776 100
165439 88005 316006 100
515187 282777 958640 30
43545 12652 92778 100
18641 371 37412 100
71926 6427 165116 100
30578 5717 47916 100
10304 1180 15688 100
605799 510377 725027 50
123380 47530 217878 100
9074 388 14165 100
16266 6114 30103 100
15415 6204 27588 100
69295 30935 141003 100
885213 885213 885213 10
3371 778 4982 100
203303 5100 381715 100
5570 676 9492 100
44572 15417 70666 100
17212 6811 30317 100
30935 7943 52422 100
2592 451 5025 100
11152 953 21054 100
7070 1134 9990 100
159588 5664 313318 100
186739 61238 346962 100
26368 13996 44518 100
31210 6141 55193 100
176234 22785 323801 100
35774 7066 70322 100
7653 373 12754 100
2359 515 2946 100
120823 23896 229429 100
178151 11259 348451 100
20553 5176 32734 100
14492 1566 23224 100
794 418 1183 100
29108 8364 65792 100
129556 18041 208837 100
6225 465 12152 100
53430 22547 108351 100
1631 1061 2337 100
194814 27262 316370 100
5121 618 9609 100
161179 57668 250427 100
4621 889 12671 100
31199 6584 52912 100
16534 1209 26952 100
12174 1548 23544 100
17204 8409 35642 100
24275 4489 43762 100
48668 4890 105887 100
456726 13153 651816 100
187276 9421 293396 100
26053 11088 42347 100
2900 859 4800 100
5229 2761 8517 100
30958 7327 85228 100
4828 660 7683 100
537370 16942 942867 80
40245 3017 79390 100
21608 591 35204 100
26443 186 61403 100
38384 6287 98268 100
77440 2268 120918 100
3499 265 6039 100
2473 647 5275 100
362509 68217 570956 100
33006 1569 57035 100
1595 644 2370 100
383872 61291 676278 100
71557 2476 138861 100
76911 11849 135162 100
578012 131597 896929 100
20948 9439 34928 100
9407 839 14730 100
28093 14463 43524 100
196096 52447 316150 100
251139 112231 689371 70
8452 385 16222 100
10683 2420 18136 100
48525 3698 92432 100
137397 31530 233045 100
87741 5007 133576 100
19296 4066 35754 100
98115 7599 239309 100
596663 42464 997567 50
104980 18360 216149 100
25998 17445 35093 100
46723 3271 78737 100
139103 4132 251727 100
19830 6372 38389 100
48966 5031 85198 100
19871 2028 53935 100
30564 3318 48419 100
8440 1137 20927 100
13185 2038 26758 100
0 0 0 0
176965 3493 480910 100
474490 22297 714869 60
18544 4351 37584 100
308315 39198 485131 100
64059 3794 142665 100
8779 2184 13649 100
546578 401426 691730 20
74826 49449 126530 100
3523 1240 7126 100
314573 48536 861852 70
23441 1866 37482 100
1315 654 1752 100
6898 1185 14179 100
171492 10660 377501 100
137451 886 266227 100
198014 38909 316472 100
193918 14216 328433 100
406675 70045 725167 100
90598 37979 140427 100
281707 35604 462842 40
75904 6268 157511 100
44199 6102 98981 100
209882 92819 435685 100
15816 7421 23289 100
13321 2057 39377 100
283219 139992 471777 100
58518 7916 91960 100
99059 44209 179354 100
13365 4825 21331 100
39477 1558 79331 100
64210 904 96574 100
10456 667 20182 100
110006 6116 208479 100
226978 64860 433523 100
18276 3505 31368 100
1781 270 2595 100
18416 2830 32879 100
635813 624902 646724 20
172803 90439 328027 100
23454 9959 32664 100
24208 3315 29967 100
36535 2497 75727 100
43969 1971 86748 100
23953 6754 42062 100
13190 5909 22177 100
14257 4075 24303 100
279926 29348 479869 100
481008 47061 844919 30
45858 222 124767 100
333259 202885 447239 100
354222 87743 860772 100
148316 1841 341731 100
354503 73751 610033 100
1398 611 1966 100
11264 3163 28749 100
30880 6360 55155 100
6320 200 10707 100
78070 21385 119858 100
220058 33940 456296 100
13989 4002 37467 100
254709 31731 460876 100
5049 689 8231 100
129911 38815 240528 100
307308 63943 717454 100
16785 1103 34608 100
165413 47070 269659 100
179175 76939 262591 100
195307 99482 302170 100
6917 777 13309 100
69913 22900 133707 100
21737 3338 38090 100
2095 769 3555 100
1206 123 2749 100
1503 448 3143 100
219492 54579 410700 100
7890 2406 12751 100
5324 1729 9141 100
18272 1839 36604 100
393090 30071 782121 100
13536 1361 25924 100
5173 523 9976 100
294270 141483 620407 100
168449 380 277836 100
164436 40575 276714 100
9363 1060 16235 100
50999 16796 90552 100
85735 20408 136753 100
38117 10874 65919 100
157225 22160 320416 100
189867 55939 301325 100
133889 82191 211332 100
3772 637 7456 100
73396 2160 152261 100
95442 1454 240538 100
110823 34762 200547 100
61278 626 147680 100
642802 113031 984236 80
39896 18390 77947 100
398991 132359 647512 100
4963 141 12994 100
11560 3656 20348 100
168861 37171 315386 100
29245 3546 65010 100
29987 8661 48919 100
22882 1508 45995 100
491813 93712 889915 20
39840 1506 67420 100
37058 16490 55442 100
303229 78295 735911 80
174734 3854 369241 100
101501 7871 202562 100
54005 2441 86327 100
13735 291 30987 100
5210 1174 11616 100
1679 242 2754 100
10490 1306 17953 100
30173 1756 49852 100
93157 45393 183696 100
21953 7988 35930 100
2145 1546 2650 100
159636 1559 349362 100
2868 821 4011 100
29280 7812 48267 100
421048 6370 886787 100
2898 342 5534 100
9038 3575 12342 100
3156 571 5492 100
188737 1074 306315 100
3845 1318 6505 100
20351 9801 35985 100
16657 1230 41586 100
48304 21000 79841 100
169347 47730 283221 100
313328 96018 741144 50
1394 219 2829 100
28680 923 42448 100
1508 328 2745 100
10994 5237 16804 100
23731 4153 43183 100
8443 1610 15443 100
8512 4012 16086 100
17620 921 31967 100
12879 660 25254 100
27632 4473 44856 100
81168 12701 152212 100
49302 27463 68385 100
79985 18049 173619 100
249451 448 457518 100
1040 303 1686 100
454155 217933 786405 100
9120 657 17454 100
10705 809 21548 100
12154 3556 22799 100
0 0 0 0
14246 3772 29757 100
3146 900 5340 100
70984 6868 99626 100
64768 3574 122788 100
321815 5080 742722 100
