5599 2241 11738 100
2304 861 4289 100
1238 333 2387 100
3290 499 5723 100
650 289 1589 100
3408 1093 5362 100
448 260 969 100
794 267 2009 100
765 298 2010 100
521 295 979 100
1613 754 2506 100
683 267 1358 100
935 338 1766 100
2011 507 2922 100
729 375 1380 100
649 282 1321 100
576 281 1030 100
814 339 1317 100
2023 757 3998 100
355 264 432 100
1417 284 3582 100
624 314 1091 100
2213 415 5522 100
655 261 1295 100
2086 286 4068 100
1139 312 2784 100
1035 351 2323 100
1776 273 3052 100
1850 282 5074 100
1236 291 2268 100
3765 436 8047 100
3137 257 7646 100
2500 530 4740 100
1475 256 3222 100
875 331 1372 100
660 369 1554 100
1382 708 2436 100
1867 288 4850 100
4262 777 12089 100
2066 647 3738 100
5742 292 10138 100
950 279 2046 100
693 292 2208 100
4541 297 8382 100
468 249 796 100
488 309 672 100
4544 276 12594 100
5801 1243 10247 100
1575 430 3284 100
1416 276 3093 100
6524 1677 15775 100
1101 486 2130 100
1479 258 3702 100
2046 366 4229 100
1805 257 5264 100
1986 848 4110 100
779 330 1994 100
3767 271 8003 100
673 281 1113 100
1010 439 1930 100
666 250 1250 100
2091 880 4011 100
1055 235 1876 100
375 247 693 100
1641 398 2836 100
1324 741 1908 100
1858 699 3095 100
292 261 326 100
1231 300 2336 100
465 268 824 100
1295 356 3182 100
2190 482 3906 100
1585 259 3623 100
452 249 713 100
370 224 513 100
1280 308 1991 100
1571 509 2617 100
527 259 1178 100
388 258 596 100
739 336 1395 100
1812 523 3412 100
1056 257 2857 100
1419 264 2605 100
2167 353 5324 100
1077 571 2062 100
1552 401 3035 100
3418 1063 4782 100
2677 765 6506 100
2333 302 4714 100
1991 392 3113 100
1076 308 2557 100
653 358 976 100
923 301 3061 100
867 326 2354 100
1663 262 3637 100
385 285 592 100
746 272 1859 100
599 263 1373 100
582 281 1061 100
704 267 1748 100
12045 5366 22086 100
528 274 989 100
1458 253 3425 100
588 276 1006 100
685 390 929 100
2036 341 4580 100
1458 281 3150 100
2126 472 5084 100
2134 605 5511 100
588 259 1205 100
2243 872 4921 100
5199 526 13149 100
850 384 1519 100
1568 673 3810 100
686 255 1556 100
3148 689 7859 100
467 250 772 100
2104 291 4153 100
593 222 1238 100
1135 282 2506 100
1279 305 3321 100
352 242 581 100
2479 368 5501 100
4324 1457 6667 100
4710 1692 9823 100
665 282 1399 100
325 233 469 100
692 327 1245 100
623 259 1152 100
926 357 2180 100
8005 1817 19359 100
8078 700 19536 100
5589 283 10878 100
13902 3323 38626 100
5256 593 7773 100
2622 316 4837 100
371 265 546 100
1022 327 1650 100
1268 329 2104 100
606 352 1012 100
4632 1863 9658 100
3807 499 7932 100
2489 257 4696 100
3676 500 7807 100
1077 523 2612 100
518 309 868 100
990 238 1911 100
825 270 1457 100
993 291 2049 100
3211 464 6753 100
3850 1092 6865 100
354 272 703 100
1142 266 2117 100
1607 1000 2262 100
7735 2042 18318 100
1816 511 3733 100
664 362 1093 100
1028 445 1880 100
917 536 1597 100
1232 386 4233 100
1518 443 3198 100
983 278 1673 100
844 378 2133 100
895 266 1752 100
2028 314 6530 100
2542 603 4862 100
690 311 1686 100
334 253 417 100
2585 672 6274 100
684 264 1097 100
521 280 1134 100
712 257 1838 100
3329 252 5995 100
9199 2559 14707 100
2797 532 5208 100
909 243 1767 100
706 265 1256 100
6271 2903 10463 100
1253 280 2707 100
8115 1134 17549 100
801 280 1636 100
763 234 1506 100
1906 441 6209 100
1213 429 2233 100
1071 448 2304 100
3110 1010 5387 100
3020 322 5715 100
1384 616 3364 100
450 273 713 100
366 248 542 100
4061 932 6420 100
1704 476 3447 100
1415 324 2388 100
1392 257 2724 100
975 363 1650 100
676 288 1133 100
852 289 1783 100
2823 1411 4808 100
1754 895 2361 100
560 262 1136 100
3163 863 10338 100
8866 1021 14144 100
4572 341 8068 100
7969 252 15443 100
1494 706 3184 100
2534 905 5991 100
2601 963 6846 100
1517 314 2696 100
2412 437 3981 100
652 245 1383 100
1043 304 1740 100
753 246 1361 100
1301 269 2546 100
1012 316 2504 100
612 302 1210 100
697 255 2172 100
1268 303 2270 100
1353 377 2627 100
1245 322 2366 100
2160 399 6341 100
787 302 1455 100
432 291 724 100
2076 364 4198 100
1470 257 2783 100
1081 293 2357 100
3656 1149 7139 100
989 378 2116 100
1190 551 2468 100
2948 773 5190 100
8538 2645 18211 100
2846 287 5030 100
54802 2372 141191 100
1982 377 3209 100
2698 532 5033 100
1038 262 3386 100
3035 701 5934 100
1500 325 2197 100
1154 225 2524 100
1716 363 4357 100
3282 797 7801 100
2199 343 5066 100
2383 283 4937 100
2677 300 10057 100
29258 7154 60895 100
8179 2526 11311 100
1056 278 2310 100
3818 268 7744 100
2267 270 5413 100
1177 271 2497 100
8851 1900 21964 100
2396 363 4068 100
16159 9275 26581 100
7509 627 15923 100
881 279 1854 100
3395 303 7095 100
7526 2973 15797 100
2016 385 3983 100
2653 341 6267 100
1139 252 2500 100
2974 324 7086 100
1432 301 3765 100
15150 2380 30967 100
1540 392 3300 100
2999 664 6824 100
931 330 2049 100
1280 290 3278 100
4024 385 6270 100
3204 275 7031 100
2790 340 5687 100
1960 284 5730 100
2879 650 5523 100
6192 983 17495 100
1683 937 2645 100
3101 1558 6245 100
2678 240 6747 100
1626 268 3007 100
1124 225 2629 100
2235 359 3964 100
1393 415 2938 100
4272 274 8276 100
1012 273 2269 100
1708 268 3338 100
1397 299 3618 100
1100 277 2578 100
1550 286 3045 100
1799 387 5421 100
541 248 888 100
700 376 1484 100
1183 289 2991 100
1439 323 2846 100
555 238 1061 100
2441 418 5402 100
2150 668 4802 100
1419 269 3301 100
762 292 2155 100
757 407 1780 100
1687 936 4569 100
3775 533 10172 100
967 296 2144 100
645 262 968 100
3132 2079 4239 100
1160 396 2421 100
3021 758 4316 100
479 273 839 100
2700 430 7251 100
958 409 2027 100
1267 250 2433 100
6061 2382 12896 100
390 295 626 100
994 267 2245 100
4115 611 9228 100
3123 432 5309 100
516 248 1092 100
1228 300 2456 100
440 277 730 100
1584 283 2577 100
1443 284 3105 100
7114 1755 12001 100
2273 371 5614 100
852 374 1461 100
865 267 1497 100
1475 502 3057 100
4625 268 8668 100
550 249 1010 100
549 252 786 100
594 278 1927 100
395 279 816 100
1389 627 2699 100
892 414 1775 100
1367 296 2448 100
448 273 761 100
1277 315 3103 100
543 336 1353 100
550 295 828 100
1708 528 3901 100
1250 246 3373 100
1649 325 4224 100
417 269 678 100
1110 312 2970 100
726 285 1303 100
652 276 1080 100
6211 3102 9806 100
2660 471 4775 100
929 304 1892 100
1376 294 3349 100
5556 576 11456 100
1775 900 2816 100
1604 279 2883 100
5067 270 13559 100
1169 516 2677 100
2391 357 4928 100
1715 305 3407 100
1501 757 2430 100
1329 505 2598 100
4102 258 9069 100
2684 1145 5604 100
2917 709 4580 100
1091 259 2226 100
3058 1401 5405 100
693 251 1301 100
1091 363 2051 100
1098 425 2663 100
2653 608 5336 100
908 302 1617 100
385 246 604 100
1547 269 2871 100
1902 1326 3219 100
7624 4105 19574 100
1501 301 3060 100
1439 427 3289 100
3062 988 4918 100
1448 223 3895 100
2337 286 5288 100
2778 353 4841 100
1572 260 3522 100
474 248 837 100
4399 298 10010 100
1367 571 2387 100
2878 632 5875 100
1021 294 2897 100
1488 277 2803 100
26784 1433 45244 100
2479 701 5183 100
4620 319 7203 100
1421 479 3399 100
1590 816 3637 100
956 268 2119 100
1116 275 2058 100
1837 748 3792 100
660 310 1490 100
422 242 625 100
521 264 985 100
1114 436 2087 100
610 265 979 100
1245 327 2210 100
1742 472 4732 100
994 265 1911 100
987 384 1611 100
392 245 604 100
1636 579 4719 100
3967 1368 9428 100
2048 1072 4462 100
2027 573 4251 100
1994 367 3366 100
1877 234 3897 100
5989 881 14825 100
689 285 1315 100
3173 255 6855 100
1196 355 3282 100
3469 1370 5975 100
3327 243 6868 100
1713 394 2921 100
2346 487 4273 100
1784 397 3309 100
4370 500 7905 100
5335 537 13388 100
1508 510 2330 100
1119 471 2743 100
1021 330 3035 100
1162 382 2520 100
4405 1625 9787 100
5000 533 9537 100
1271 270 3804 100
1286 405 2387 100
4284 1922 7782 100
388 283 596 100
519 312 767 100
2076 319 5067 100
2101 496 4477 100
2369 1507 3774 100
1129 261 2035 100
1584 566 2808 100
2181 537 4734 100
2729 478 4058 100
568 343 1210 100
2020 337 5708 100
2582 327 5998 100
3378 768 6740 100
1120 306 1817 100
827 296 1610 100
1207 530 2232 100
1610 250 5126 100
502 306 769 100
406 264 698 100
974 271 1990 100
417 248 744 100
2672 394 6458 100
943 316 2536 100
368 260 553 100
911 276 2120 100
515 280 960 100
754 384 1678 100
544 278 931 100
539 269 889 100
2731 275 7158 100
704 289 1481 100
988 299 1520 100
8045 499 17803 100
780 279 1701 100
2114 817 4009 100
701 279 1594 100
473 276 711 100
1056 306 1874 100
2981 852 6576 100
2695 363 10035 100
2463 421 7743 100
3050 917 4684 100
2374 817 5180 100
2971 950 5393 100
2718 270 5496 100
898 259 1591 100
1873 564 3750 100
1083 292 2042 100
1660 298 3105 100
809 271 1828 100
1696 512 4468 100
6416 478 12034 100
704 311 1271 100
1713 671 2407 100
880 320 1698 100
2358 913 5234 100
1316 247 2668 100
3487 494 7357 100
1986 363 4241 100
1719 291 5637 100
2935 468 7665 100
754 229 1159 100
3066 1241 4882 100
4250 1204 7397 100
1911 627 3636 100
938 381 1653 100
2320 358 4452 100
2831 449 7160 100
3288 1008 8424 100
1552 778 2892 100
4891 496 9652 100
5232 375 12235 100
8653 487 17032 100
899 279 1931 100
1197 290 3462 100
4160 1031 7010 100
2149 672 3928 100
22059 1043 52837 100
568 368 1078 100
1130 286 2341 100
3138 674 6250 100
1393 670 2535 100
2808 587 4850 100
1438 385 3713 100
905 289 1751 100
601 261 898 100
614 270 1265 100
489 259 971 100
5569 791 12776 100
868 458 1436 100
641 279 1195 100
1132 360 2191 100
1135 248 2288 100
586 243 960 100
670 409 1095 100
443 264 708 100
737 367 1296 100
1871 306 4864 100
1153 360 2688 100
2700 406 5258 100
1925 384 5183 100
847 262 2239 100
2138 370 5207 100
6343 1044 17190 100
15821 881 26957 100
2032 620 4689 100
2513 352 5918 100
8332 671 14936 100
11861 4304 18916 100
1118 320 1988 100
2781 620 5321 100
2192 917 3472 100
696 241 1657 100
1090 511 2162 100
2162 1047 4283 100
2988 593 4829 100
782 248 2633 100
738 393 1799 100
1014 283 1964 100
5129 405 9297 100
1222 267 2265 100
5812 2065 14163 100
1270 276 2393 100
1914 599 3466 100
15847 2471 46867 100
1931 455 3887 100
6425 1731 13560 100
1503 617 2508 100
1634 797 2476 100
366 253 608 100
2358 922 5656 100
630 261 1326 100
3020 941 6744 100
2304 1422 4097 100
2942 909 6448 100
1032 473 2466 100
609 281 863 100
1564 309 3850 100
612 257 1116 100
3619 854 6707 100
504 248 1210 100
538 276 1130 100
969 340 1702 100
2167 284 5547 100
567 242 1187 100
717 330 1261 100
832 284 1348 100
1012 383 2144 100
696 275 1610 100
763 523 1108 100
1399 459 2561 100
945 265 1906 100
1754 271 3862 100
1220 268 2212 100
1064 257 1878 100
1260 486 2886 100
557 249 1092 100
414 288 629 100
977 423 1803 100
989 291 2318 100
690 278 1508 100
1190 528 2104 100
554 246 1240 100
4520 2825 6458 100
494 253 1107 100
889 308 1628 100
1218 260 2972 100
1928 471 3274 100
9974 4222 18533 100
1347 368 2819 100
5513 1728 9901 100
2078 413 3992 100
6871 655 15074 100
2036 384 5370 100
1513 424 3971 100
1725 269 3700 100
1151 329 2399 100
2366 602 5044 100
6098 368 12663 100
4503 797 8657 100
2464 268 5056 100
3455 629 7877 100
5859 1798 10764 100
6053 309 14065 100
1601 432 3196 100
2324 612 5697 100
2766 887 4718 100
2642 279 4201 100
7390 322 14056 100
6130 1433 11470 100
5812 1490 10893 100
2464 451 4104 100
6653 1092 15788 100
2725 516 6003 100
2409 521 4295 100
13906 851 26504 100
3492 607 8835 100
1266 507 2504 100
4964 505 9798 100
1233 264 2628 100
2766 296 5040 100
871 294 2184 100
4162 807 8461 100
2805 288 5782 100
507 256 1045 100
2276 329 6962 100
901 287 1356 100
3190 521 7062 100
2072 342 5366 100
676 279 1095 100
2210 497 4722 100
785 342 1293 100
1523 682 4217 100
1034 266 1955 100
1425 348 2652 100
16736 1154 34747 100
1779 304 5531 100
2776 510 6347 100
2295 624 5111 100
900 271 1582 100
3512 270 9238 100
585 254 979 100
1260 621 1771 100
4134 1533 7602 100
1675 781 2402 100
458 261 1105 100
2764 726 6600 100
2667 260 5913 100
1322 337 3211 100
2032 327 4567 100
981 394 1801 100
1678 291 3869 100
1645 472 2447 100
2639 294 4713 100
439 261 723 100
623 250 1062 100
365 273 596 100
2250 894 4801 100
3405 284 6412 100
804 287 1607 100
746 284 1551 100
2952 397 6481 100
6120 284 18316 100
2792 374 5959 100
