
14  7  2 10 | 1  8 13  3 |12  4 11  6 |15  5 16  9 
 9 11 16 12 | 7  4 14 15 | 8 13  1  5 | 2 10  3  6 
 3 15  6  8 | 9 16 11  5 | 7  2 14 10 |13  1 12  4 
 1  4 13  5 | 2 10  6 12 | 9  3 16 15 | 8 14 11  7 
------------+------------+------------+------------+
 2 14 15  7 | 5 12  8 10 | 3 16  6  1 | 4 11  9 13 
 8  5  1 16 |15  2  3  9 |10 11  4 13 |12  7  6 14 
 6 12  9 11 |14 13 16  4 | 2 15  7  8 |10  3  5  1 
 4  3 10 13 |11  6  1  7 |14 12  5  9 |16 15  8  2 
------------+------------+------------+------------+
12 16 14  4 | 3  7  5 11 | 6  9 15  2 | 1 13 10  8 
11 13  3 15 | 6  1 12 14 | 4  8 10  7 | 5  9  2 16 
 7  1  8  2 | 4  9 10 16 |11  5 13 12 |14  6 15  3 
10  6  5  9 |13 15  2  8 | 1 14  3 16 | 7 12  4 11 
------------+------------+------------+------------+
13 10 11  3 |12  5  7  2 |16  1  9  4 | 6  8 14 15 
15  9 12  6 | 8  3  4 13 | 5  7  2 14 |11 16  1 10 
16  8  4 14 |10 11 15  1 |13  6 12  3 | 9  2  7  5 
 5  2  7  1 |16 14  9  6 |15 10  8 11 | 3  4 13 12 
Effort: 1999

 4  1  7 | 3  6  9 | 8  2  5 
 6  3  2 | 1  5  8 | 9  4  7 
 9  5  8 | 7  2  4 | 3  1  6 
---------+---------+---------+
 8  2  5 | 4  3  7 | 1  6  9 
 7  9  1 | 5  8  6 | 4  3  2 
 3  4  6 | 9  1  2 | 7  5  8 
---------+---------+---------+
 2  8  9 | 6  4  3 | 5  7  1 
 5  7  3 | 2  9  1 | 6  8  4 
 1  6  4 | 8  7  5 | 2  9  3 
Effort: 7479

 5  2  7 | 3  1  6 | 4  8  9 
 8  9  6 | 5  4  2 | 7  3  1 
 3  1  4 | 9  8  7 | 5  6  2 
---------+---------+---------+
 1  7  2 | 4  5  3 | 8  9  6 
 6  8  9 | 2  7  1 | 3  5  4 
 4  5  3 | 6  9  8 | 2  1  7 
---------+---------+---------+
 9  4  1 | 8  2  5 | 6  7  3 
 7  6  5 | 1  3  4 | 9  2  8 
 2  3  8 | 7  6  9 | 1  4  5 
Effort: 5229

 6  1  7 | 4  5  9 | 8  2  3 
 2  4  8 | 7  3  6 | 9  1  5 
 5  3  9 | 1  2  8 | 4  6  7 
---------+---------+---------+
 9  8  2 | 5  6  4 | 3  7  1 
 3  7  4 | 2  9  1 | 5  8  6 
 1  5  6 | 8  7  3 | 2  9  4 
---------+---------+---------+
 8  2  3 | 6  4  7 | 1  5  9 
 7  9  1 | 3  8  5 | 6  4  2 
 4  6  5 | 9  1  2 | 7  3  8 
Effort: 2016

 4  8  7 | 3  1  2 | 6  9  5 
 5  9  3 | 6  8  4 | 2  7  1 
 1  2  6 | 5  9  7 | 3  8  4 
---------+---------+---------+
 7  3  5 | 8  4  9 | 1  6  2 
 9  1  4 | 2  6  5 | 8  3  7 
 2  6  8 | 7  3  1 | 5  4  9 
---------+---------+---------+
 8  5  1 | 4  7  6 | 9  2  3 
 3  7  9 | 1  2  8 | 4  5  6 
 6  4  2 | 9  5  3 | 7  1  8 
Effort: 3868

 9  6  2 | 3  1  4 | 8  5  7 
 1  3  4 | 5  8  7 | 2  6  9 
 5  7  8 | 2  9  6 | 4  1  3 
---------+---------+---------+
 8  4  7 | 9  6  2 | 5  3  1 
 6  5  1 | 8  7  3 | 9  4  2 
 3  2  9 | 1  4  5 | 7  8  6 
---------+---------+---------+
 2  8  5 | 6  3  9 | 1  7  4 
 7  9  3 | 4  5  1 | 6  2  8 
 4  1  6 | 7  2  8 | 3  9  5 
Effort: 612

 4  1  6 | 8  3  7 | 5  2  9 
 9  8  2 | 4  6  5 | 3  7  1 
 7  3  5 | 1  2  9 | 4  6  8 
---------+---------+---------+
 5  7  1 | 2  9  8 | 6  4  3 
 2  9  3 | 7  4  6 | 1  8  5 
 8  6  4 | 3  5  1 | 2  9  7 
---------+---------+---------+
 6  4  7 | 9  1  3 | 8  5  2 
 3  5  9 | 6  8  2 | 7  1  4 
 1  2  8 | 5  7  4 | 9  3  6 
Effort: 16297

 6  8  2 | 1  5  4 | 3  7  9 
 9  5  1 | 7  6  3 | 8  4  2 
 3  7  4 | 8  9  2 | 1  6  5 
---------+---------+---------+
 4  3  7 | 5  2  8 | 9  1  6 
 8  1  6 | 9  3  7 | 2  5  4 
 2  9  5 | 4  1  6 | 7  3  8 
---------+---------+---------+
 5  6  8 | 2  7  1 | 4  9  3 
 7  2  9 | 3  4  5 | 6  8  1 
 1  4  3 | 6  8  9 | 5  2  7 
Effort: 32892

 6  5  2 | 4  8  1 | 9  3  7 
 8  3  4 | 6  7  9 | 1  5  2 
 9  7  1 | 3  2  5 | 8  6  4 
---------+---------+---------+
 4  6  7 | 8  1  2 | 5  9  3 
 3  1  5 | 7  9  4 | 6  2  8 
 2  9  8 | 5  6  3 | 4  7  1 
---------+---------+---------+
 1  8  6 | 9  3  7 | 2  4  5 
 5  2  3 | 1  4  6 | 7  8  9 
 7  4  9 | 2  5  8 | 3  1  6 
Effort: 4657

 6  8  2 | 1  5  3 | 4  7  9 
 9  5  1 | 7  6  4 | 8  3  2 
 3  7  4 | 8  9  2 | 1  6  5 
---------+---------+---------+
 4  3  7 | 5  2  8 | 9  1  6 
 8  1  6 | 9  4  7 | 2  5  3 
 2  9  5 | 3  1  6 | 7  4  8 
---------+---------+---------+
 5  6  8 | 2  7  1 | 3  9  4 
 7  2  9 | 4  3  5 | 6  8  1 
 1  4  3 | 6  8  9 | 5  2  7 
Effort: 27386

 7  9  2 | 3  5  1 | 6  4  8 
 5  4  3 | 7  8  6 | 1  2  9 
 6  8  1 | 4  2  9 | 5  3  7 
---------+---------+---------+
 1  5  7 | 6  4  8 | 2  9  3 
 9  2  4 | 1  3  7 | 8  6  5 
 8  3  6 | 2  9  5 | 4  7  1 
---------+---------+---------+
 3  6  8 | 5  7  2 | 9  1  4 
 4  1  9 | 8  6  3 | 7  5  2 
 2  7  5 | 9  1  4 | 3  8  6 
Effort: 1101

 6  1  4 | 3  8  2 | 5  7  9 
 9  5  3 | 7  6  4 | 8  1  2 
 8  2  7 | 5  9  1 | 4  3  6 
---------+---------+---------+
 7  4  2 | 6  3  5 | 1  9  8 
 1  6  8 | 2  7  9 | 3  5  4 
 3  9  5 | 4  1  8 | 6  2  7 
---------+---------+---------+
 2  8  6 | 1  5  7 | 9  4  3 
 5  7  9 | 8  4  3 | 2  6  1 
 4  3  1 | 9  2  6 | 7  8  5 
Effort: 29337

 8  6  3 | 5  2  1 | 7  9  4 
 1  2  7 | 4  9  6 | 8  5  3 
 9  5  4 | 3  8  7 | 6  2  1 
---------+---------+---------+
 6  4  5 | 8  3  9 | 1  7  2 
 7  3  9 | 1  4  2 | 5  6  8 
 2  8  1 | 7  6  5 | 4  3  9 
---------+---------+---------+
 4  9  8 | 6  5  3 | 2  1  7 
 5  1  2 | 9  7  4 | 3  8  6 
 3  7  6 | 2  1  8 | 9  4  5 
Effort: 4121

 1  3  5 | 4  2  6 | 9  8  7 
 8  4  6 | 9  5  7 | 3  2  1 
 9  2  7 | 3  8  1 | 4  6  5 
---------+---------+---------+
 2  1  3 | 7  4  8 | 6  5  9 
 5  9  8 | 1  6  3 | 7  4  2 
 6  7  4 | 2  9  5 | 8  1  3 
---------+---------+---------+
 3  5  1 | 6  7  4 | 2  9  8 
 4  8  2 | 5  3  9 | 1  7  6 
 7  6  9 | 8  1  2 | 5  3  4 
Effort: 73

 3  5  6 | 8  7  1 | 2  9  4 
 9  7  2 | 6  4  3 | 8  5  1 
 8  4  1 | 9  5  2 | 7  3  6 
---------+---------+---------+
 2  1  3 | 4  6  5 | 9  8  7 
 7  9  4 | 3  1  8 | 6  2  5 
 6  8  5 | 2  9  7 | 4  1  3 
---------+---------+---------+
 1  2  8 | 7  3  6 | 5  4  9 
 5  6  9 | 1  8  4 | 3  7  2 
 4  3  7 | 5  2  9 | 1  6  8 
Effort: 5299

 1  2  9 | 5  7  6 | 3  4  8 
 3  7  6 | 4  2  8 | 5  1  9 
 5  8  4 | 3  9  1 | 6  2  7 
---------+---------+---------+
 2  9  3 | 8  1  5 | 7  6  4 
 4  1  7 | 2  6  3 | 8  9  5 
 8  6  5 | 7  4  9 | 1  3  2 
---------+---------+---------+
 9  5  8 | 6  3  2 | 4  7  1 
 7  3  1 | 9  8  4 | 2  5  6 
 6  4  2 | 1  5  7 | 9  8  3 
Effort: 1173

 6  1  5 | 3  8  2 | 4  7  9 
 9  4  3 | 7  6  5 | 8  1  2 
 8  2  7 | 4  9  1 | 5  3  6 
---------+---------+---------+
 7  5  2 | 6  3  4 | 1  9  8 
 1  6  8 | 2  7  9 | 3  5  4 
 3  9  4 | 5  1  8 | 6  2  7 
---------+---------+---------+
 2  8  6 | 1  5  7 | 9  4  3 
 5  7  9 | 8  4  3 | 2  6  1 
 4  3  1 | 9  2  6 | 7  8  5 
Effort: 47950

 7  1  8 | 4  3  5 | 6  9  2 
 9  6  3 | 2  7  8 | 5  4  1 
 2  5  4 | 9  6  1 | 3  7  8 
---------+---------+---------+
 5  4  7 | 6  1  2 | 8  3  9 
 1  9  2 | 3  8  7 | 4  5  6 
 3  8  6 | 5  4  9 | 1  2  7 
---------+---------+---------+
 6  7  5 | 8  9  3 | 2  1  4 
 4  2  1 | 7  5  6 | 9  8  3 
 8  3  9 | 1  2  4 | 7  6  5 
Effort: 330

 4  5  8 | 2  7  6 | 9  3  1 
 6  2  3 | 8  9  1 | 4  7  5 
 1  9  7 | 5  3  4 | 2  8  6 
---------+---------+---------+
 3  7  1 | 4  5  2 | 6  9  8 
 2  6  9 | 7  8  3 | 1  5  4 
 8  4  5 | 1  6  9 | 3  2  7 
---------+---------+---------+
 7  1  2 | 9  4  8 | 5  6  3 
 9  8  6 | 3  1  5 | 7  4  2 
 5  3  4 | 6  2  7 | 8  1  9 
Effort: 59498

 1  2  3 | 7  5  9 | 4  8  6 
 8  7  4 | 2  6  1 | 5  9  3 
 9  6  5 | 3  8  4 | 7  2  1 
---------+---------+---------+
 2  1  6 | 5  4  3 | 9  7  8 
 3  5  7 | 8  9  6 | 1  4  2 
 4  9  8 | 1  2  7 | 3  6  5 
---------+---------+---------+
 5  3  2 | 4  7  8 | 6  1  9 
 6  4  1 | 9  3  2 | 8  5  7 
 7  8  9 | 6  1  5 | 2  3  4 
Effort: 716

 5  1  8 | 4  7  6 | 2  3  9 
 4  2  7 | 3  5  9 | 6  1  8 
 9  6  3 | 8  2  1 | 5  7  4 
---------+---------+---------+
 7  9  5 | 2  4  8 | 3  6  1 
 8  3  2 | 6  1  7 | 9  4  5 
 1  4  6 | 9  3  5 | 8  2  7 
---------+---------+---------+
 3  7  9 | 5  6  4 | 1  8  2 
 6  5  1 | 7  8  2 | 4  9  3 
 2  8  4 | 1  9  3 | 7  5  6 
Effort: 756

 4  9  8 | 7  1  6 | 5  2  3 
 2  5  7 | 8  3  9 | 4  6  1 
 1  3  6 | 4  2  5 | 9  8  7 
---------+---------+---------+
 9  7  1 | 3  8  2 | 6  5  4 
 6  8  4 | 1  5  7 | 3  9  2 
 5  2  3 | 6  9  4 | 7  1  8 
---------+---------+---------+
 7  6  5 | 2  4  1 | 8  3  9 
 3  1  9 | 5  7  8 | 2  4  6 
 8  4  2 | 9  6  3 | 1  7  5 
Effort: 14556

 1  3  2 | 4  7  9 | 6  5  8 
 8  4  7 | 5  6  3 | 2  9  1 
 9  5  6 | 2  8  1 | 3  4  7 
---------+---------+---------+
 4  1  3 | 7  2  5 | 8  6  9 
 5  2  8 | 1  9  6 | 4  7  3 
 7  6  9 | 3  4  8 | 1  2  5 
---------+---------+---------+
 2  7  1 | 8  5  4 | 9  3  6 
 3  9  4 | 6  1  7 | 5  8  2 
 6  8  5 | 9  3  2 | 7  1  4 
Effort: 386

 4  1  7 | 3  6  9 | 8  2  5 
 6  3  8 | 1  2  5 | 9  4  7 
 9  5  2 | 7  4  8 | 3  1  6 
---------+---------+---------+
 8  2  5 | 4  3  7 | 1  6  9 
 7  9  1 | 8  5  6 | 4  3  2 
 3  4  6 | 9  1  2 | 7  5  8 
---------+---------+---------+
 2  8  4 | 6  9  3 | 5  7  1 
 5  7  3 | 2  8  1 | 6  9  4 
 1  6  9 | 5  7  4 | 2  8  3 
Effort: 17901

 9  2  5 | 3  7  1 | 4  8  6 
 1  6  3 | 4  9  8 | 7  2  5 
 8  7  4 | 5  6  2 | 3  9  1 
---------+---------+---------+
 5  4  2 | 6  8  9 | 1  3  7 
 6  1  8 | 7  5  3 | 9  4  2 
 7  3  9 | 1  2  4 | 6  5  8 
---------+---------+---------+
 4  8  7 | 9  1  5 | 2  6  3 
 3  5  1 | 2  4  6 | 8  7  9 
 2  9  6 | 8  3  7 | 5  1  4 
Effort: 2125

 1  2  3 | 4  5  6 | 7  8  9 
 6  4  9 | 8  3  7 | 2  5  1 
 8  5  7 | 2  9  1 | 6  3  4 
---------+---------+---------+
 2  7  4 | 5  1  8 | 9  6  3 
 3  9  8 | 6  7  2 | 4  1  5 
 5  6  1 | 9  4  3 | 8  2  7 
---------+---------+---------+
 4  1  6 | 7  2  5 | 3  9  8 
 9  8  5 | 3  6  4 | 1  7  2 
 7  3  2 | 1  8  9 | 5  4  6 
Effort: 217

 4  7  5 | 6  9  1 | 3  2  8 
 9  6  1 | 8  3  2 | 7  4  5 
 8  2  3 | 7  5  4 | 1  9  6 
---------+---------+---------+
 2  5  9 | 1  4  3 | 6  8  7 
 3  4  7 | 5  8  6 | 2  1  9 
 6  1  8 | 9  2  7 | 5  3  4 
---------+---------+---------+
 5  3  4 | 2  6  9 | 8  7  1 
 7  9  6 | 3  1  8 | 4  5  2 
 1  8  2 | 4  7  5 | 9  6  3 
Effort: 1584

 3  4  9 | 5  2  6 | 8  7  1 
 5  2  1 | 8  9  7 | 6  4  3 
 8  7  6 | 4  1  3 | 5  2  9 
---------+---------+---------+
 7  1  8 | 3  6  9 | 2  5  4 
 4  6  5 | 2  8  1 | 3  9  7 
 9  3  2 | 7  4  5 | 1  8  6 
---------+---------+---------+
 6  5  4 | 1  7  8 | 9  3  2 
 1  8  7 | 9  3  2 | 4  6  5 
 2  9  3 | 6  5  4 | 7  1  8 
Effort: 4603

 6  1  8 | 3  4  2 | 5  7  9 
 9  4  3 | 7  6  5 | 1  8  2 
 5  2  7 | 8  9  1 | 4  3  6 
---------+---------+---------+
 7  5  2 | 6  3  4 | 8  9  1 
 8  6  1 | 2  7  9 | 3  5  4 
 3  9  4 | 5  1  8 | 6  2  7 
---------+---------+---------+
 2  8  6 | 1  5  7 | 9  4  3 
 1  7  9 | 4  8  3 | 2  6  5 
 4  3  5 | 9  2  6 | 7  1  8 
Effort: 37231

 9  4  7 | 5  8  2 | 3  6  1 
 8  6  3 | 4  7  1 | 9  5  2 
 1  5  2 | 6  3  9 | 7  8  4 
---------+---------+---------+
 6  2  4 | 8  1  3 | 5  7  9 
 7  3  8 | 2  9  5 | 4  1  6 
 5  1  9 | 7  6  4 | 8  2  3 
---------+---------+---------+
 2  8  5 | 9  4  6 | 1  3  7 
 3  9  6 | 1  5  7 | 2  4  8 
 4  7  1 | 3  2  8 | 6  9  5 
Effort: 250

 2  5  4 | 3  7  9 | 8  6  1 
 7  6  1 | 2  4  8 | 5  9  3 
 8  9  3 | 5  1  6 | 7  4  2 
---------+---------+---------+
 3  2  6 | 7  9  1 | 4  5  8 
 9  1  5 | 8  2  4 | 3  7  6 
 4  8  7 | 6  5  3 | 2  1  9 
---------+---------+---------+
 5  3  8 | 1  6  7 | 9  2  4 
 1  4  2 | 9  8  5 | 6  3  7 
 6  7  9 | 4  3  2 | 1  8  5 
Effort: 3932

 3  8  5 | 6  2  1 | 4  9  7 
 1  7  9 | 5  8  4 | 3  2  6 
 4  2  6 | 7  3  9 | 5  1  8 
---------+---------+---------+
 7  6  2 | 3  9  5 | 8  4  1 
 5  3  4 | 8  1  2 | 7  6  9 
 8  9  1 | 4  7  6 | 2  5  3 
---------+---------+---------+
 9  1  7 | 2  5  3 | 6  8  4 
 2  4  3 | 1  6  8 | 9  7  5 
 6  5  8 | 9  4  7 | 1  3  2 
Effort: 1484

 8  3  6 | 5  2  1 | 9  4  7 
 1  4  2 | 3  7  9 | 5  8  6 
 9  7  5 | 6  4  8 | 3  2  1 
---------+---------+---------+
 3  6  4 | 8  9  2 | 7  1  5 
 2  5  9 | 1  6  7 | 4  3  8 
 7  8  1 | 4  3  5 | 2  6  9 
---------+---------+---------+
 5  9  8 | 2  1  4 | 6  7  3 
 4  1  3 | 7  5  6 | 8  9  2 
 6  2  7 | 9  8  3 | 1  5  4 
Effort: 151

 4  2  7 | 5  9  3 | 1  8  6 
 3  1  5 | 8  6  2 | 4  7  9 
 9  6  8 | 1  7  4 | 3  2  5 
---------+---------+---------+
 6  5  9 | 3  2  8 | 7  1  4 
 7  3  1 | 6  4  9 | 8  5  2 
 2  8  4 | 7  5  1 | 9  6  3 
---------+---------+---------+
 5  9  3 | 2  8  7 | 6  4  1 
 8  4  2 | 9  1  6 | 5  3  7 
 1  7  6 | 4  3  5 | 2  9  8 
Effort: 386

 7  8  1 | 9  4  2 | 3  6  5 
 3  2  4 | 5  7  6 | 9  1  8 
 6  5  9 | 8  3  1 | 7  2  4 
---------+---------+---------+
 8  1  5 | 7  2  3 | 4  9  6 
 9  3  6 | 1  5  4 | 8  7  2 
 2  4  7 | 6  9  8 | 1  5  3 
---------+---------+---------+
 5  7  8 | 3  6  9 | 2  4  1 
 1  6  2 | 4  8  7 | 5  3  9 
 4  9  3 | 2  1  5 | 6  8  7 
Effort: 30609

 7  4  8 | 3  9  2 | 1  6  5 
 3  6  9 | 5  1  4 | 7  2  8 
 1  2  5 | 8  7  6 | 9  4  3 
---------+---------+---------+
 9  3  2 | 1  4  7 | 8  5  6 
 6  8  7 | 2  3  5 | 4  1  9 
 5  1  4 | 6  8  9 | 3  7  2 
---------+---------+---------+
 8  5  3 | 4  6  1 | 2  9  7 
 4  7  6 | 9  2  3 | 5  8  1 
 2  9  1 | 7  5  8 | 6  3  4 
Effort: 3001

 4  1  7 | 3  6  9 | 5  2  8 
 8  3  9 | 1  2  5 | 7  4  6 
 6  5  2 | 7  4  8 | 3  1  9 
---------+---------+---------+
 9  2  5 | 8  3  7 | 4  6  1 
 7  4  1 | 9  5  6 | 8  3  2 
 3  8  6 | 4  1  2 | 9  5  7 
---------+---------+---------+
 2  9  4 | 6  8  3 | 1  7  5 
 5  7  3 | 2  9  1 | 6  8  4 
 1  6  8 | 5  7  4 | 2  9  3 
Effort: 4800

 1  2  4 | 5  9  7 | 3  6  8 
 3  6  9 | 4  2  8 | 5  1  7 
 5  8  7 | 3  6  1 | 9  2  4 
---------+---------+---------+
 2  9  3 | 8  1  5 | 7  4  6 
 4  1  6 | 2  7  3 | 8  9  5 
 8  7  5 | 9  4  6 | 1  3  2 
---------+---------+---------+
 9  5  8 | 6  3  2 | 4  7  1 
 6  3  1 | 7  8  4 | 2  5  9 
 7  4  2 | 1  5  9 | 6  8  3 
Effort: 2853

 1  3  7 | 9  2  6 | 4  8  5 
 9  6  4 | 5  8  7 | 2  3  1 
 8  2  5 | 3  4  1 | 9  6  7 
---------+---------+---------+
 2  4  1 | 8  9  5 | 6  7  3 
 6  7  3 | 4  1  2 | 5  9  8 
 5  8  9 | 6  7  3 | 1  4  2 
---------+---------+---------+
 7  5  8 | 1  6  4 | 3  2  9 
 3  9  6 | 2  5  8 | 7  1  4 
 4  1  2 | 7  3  9 | 8  5  6 
Effort: 2061

 2  4  9 | 8  6  5 | 1  7  3 
 5  3  1 | 9  7  4 | 2  6  8 
 8  6  7 | 1  3  2 | 4  9  5 
---------+---------+---------+
 4  2  3 | 7  8  6 | 5  1  9 
 9  8  6 | 2  5  1 | 3  4  7 
 7  1  5 | 3  4  9 | 8  2  6 
---------+---------+---------+
 6  9  2 | 5  1  8 | 7  3  4 
 3  5  4 | 6  2  7 | 9  8  1 
 1  7  8 | 4  9  3 | 6  5  2 
Effort: 161

 3  5  1 | 8  4  6 | 7  2  9 
 2  8  7 | 3  1  9 | 6  4  5 
 6  9  4 | 7  2  5 | 1  8  3 
---------+---------+---------+
 1  6  8 | 5  3  4 | 9  7  2 
 7  2  5 | 1  9  8 | 3  6  4 
 9  4  3 | 2  6  7 | 5  1  8 
---------+---------+---------+
 5  1  6 | 4  8  3 | 2  9  7 
 8  3  2 | 9  7  1 | 4  5  6 
 4  7  9 | 6  5  2 | 8  3  1 
Effort: 775

 7  4  8 | 5  9  1 | 3  2  6 
 1  9  5 | 6  2  3 | 8  4  7 
 2  6  3 | 4  8  7 | 5  1  9 
---------+---------+---------+
 4  2  1 | 9  3  6 | 7  5  8 
 3  5  6 | 8  7  4 | 2  9  1 
 9  8  7 | 1  5  2 | 6  3  4 
---------+---------+---------+
 8  3  2 | 7  4  9 | 1  6  5 
 6  7  9 | 2  1  5 | 4  8  3 
 5  1  4 | 3  6  8 | 9  7  2 
Effort: 26620

 7  2  3 | 4  6  9 | 8  5  1 
 6  5  1 | 2  3  8 | 7  9  4 
 8  9  4 | 7  1  5 | 6  3  2 
---------+---------+---------+
 3  7  5 | 6  9  1 | 4  2  8 
 9  1  2 | 8  7  4 | 3  6  5 
 4  8  6 | 5  2  3 | 9  1  7 
---------+---------+---------+
 2  4  8 | 3  5  6 | 1  7  9 
 1  3  7 | 9  8  2 | 5  4  6 
 5  6  9 | 1  4  7 | 2  8  3 
Effort: 3470

 9  4  7 | 6  2  8 | 3  5  1 
 8  6  3 | 7  5  1 | 4  9  2 
 1  2  5 | 3  4  9 | 6  7  8 
---------+---------+---------+
 7  3  4 | 8  9  5 | 1  2  6 
 5  8  9 | 1  6  2 | 7  3  4 
 6  1  2 | 4  7  3 | 9  8  5 
---------+---------+---------+
 4  7  8 | 2  3  6 | 5  1  9 
 2  5  6 | 9  1  7 | 8  4  3 
 3  9  1 | 5  8  4 | 2  6  7 
Effort: 1029

 1  3  2 | 4  6  7 | 8  9  5 
 9  5  7 | 3  8  1 | 2  4  6 
 8  6  4 | 5  2  9 | 7  3  1 
---------+---------+---------+
 4  2  9 | 6  7  3 | 1  5  8 
 5  7  8 | 9  1  2 | 3  6  4 
 6  1  3 | 8  5  4 | 9  7  2 
---------+---------+---------+
 3  8  5 | 2  9  6 | 4  1  7 
 2  4  1 | 7  3  5 | 6  8  9 
 7  9  6 | 1  4  8 | 5  2  3 
Effort: 1574

 1  4  3 | 5  8  7 | 9  6  2 
 8  5  2 | 4  9  6 | 7  3  1 
 9  7  6 | 3  2  1 | 5  8  4 
---------+---------+---------+
 2  1  4 | 6  7  5 | 3  9  8 
 6  3  5 | 8  1  9 | 4  2  7 
 7  8  9 | 2  4  3 | 6  1  5 
---------+---------+---------+
 3  2  1 | 7  6  4 | 8  5  9 
 4  6  8 | 9  5  2 | 1  7  3 
 5  9  7 | 1  3  8 | 2  4  6 
Effort: 1093

 7  8  3 | 4  6  5 | 2  1  9 
 4  2  1 | 9  7  3 | 6  5  8 
 9  6  5 | 2  8  1 | 7  3  4 
---------+---------+---------+
 3  4  7 | 1  2  8 | 5  9  6 
 1  9  8 | 5  4  6 | 3  2  7 
 6  5  2 | 3  9  7 | 4  8  1 
---------+---------+---------+
 2  1  6 | 8  5  4 | 9  7  3 
 5  3  4 | 7  1  9 | 8  6  2 
 8  7  9 | 6  3  2 | 1  4  5 
Effort: 4718

 2  1  9 | 6  7  5 | 8  4  3 
 8  6  5 | 4  3  9 | 7  2  1 
 7  4  3 | 2  8  1 | 5  9  6 
---------+---------+---------+
 9  3  6 | 5  1  2 | 4  8  7 
 1  5  7 | 3  4  8 | 9  6  2 
 4  2  8 | 9  6  7 | 1  3  5 
---------+---------+---------+
 3  8  2 | 7  5  4 | 6  1  9 
 6  7  1 | 8  9  3 | 2  5  4 
 5  9  4 | 1  2  6 | 3  7  8 
Effort: 4952

 1  2  6 | 7  3  9 | 8  4  5 
 8  4  7 | 6  2  5 | 3  9  1 
 9  3  5 | 4  8  1 | 7  6  2 
---------+---------+---------+
 2  1  3 | 8  6  4 | 5  7  9 
 6  5  4 | 9  7  3 | 2  1  8 
 7  9  8 | 5  1  2 | 4  3  6 
---------+---------+---------+
 3  6  1 | 2  4  8 | 9  5  7 
 4  8  9 | 1  5  7 | 6  2  3 
 5  7  2 | 3  9  6 | 1  8  4 
Effort: 2381

 2  7  3 | 6  8  1 | 4  9  5 
 8  9  1 | 7  5  4 | 2  6  3 
 5  4  6 | 3  9  2 | 1  7  8 
---------+---------+---------+
 1  6  9 | 5  3  7 | 8  2  4 
 4  8  5 | 2  6  9 | 7  3  1 
 3  2  7 | 1  4  8 | 9  5  6 
---------+---------+---------+
 7  3  4 | 9  1  6 | 5  8  2 
 9  5  8 | 4  2  3 | 6  1  7 
 6  1  2 | 8  7  5 | 3  4  9 
Effort: 1505

 6  5  4 | 3  1  2 | 8  7  9 
 9  1  3 | 8  7  6 | 4  5  2 
 8  2  7 | 4  9  5 | 1  3  6 
---------+---------+---------+
 7  4  2 | 6  3  8 | 5  9  1 
 1  6  5 | 7  2  9 | 3  8  4 
 3  9  8 | 5  4  1 | 6  2  7 
---------+---------+---------+
 2  8  6 | 1  5  7 | 9  4  3 
 4  7  1 | 9  8  3 | 2  6  5 
 5  3  9 | 2  6  4 | 7  1  8 
Effort: 29636

 1  5  2 | 7  3  8 | 9  4  6 
 8  6  4 | 2  9  1 | 3  7  5 
 9  7  3 | 6  4  5 | 2  8  1 
---------+---------+---------+
 2  1  6 | 3  5  7 | 4  9  8 
 3  4  8 | 9  1  2 | 5  6  7 
 5  9  7 | 4  8  6 | 1  2  3 
---------+---------+---------+
 4  2  1 | 8  6  3 | 7  5  9 
 6  3  9 | 5  7  4 | 8  1  2 
 7  8  5 | 1  2  9 | 6  3  4 
Effort: 836

 1  7  4 | 5  8  9 | 3  6  2 
 9  5  3 | 2  6  1 | 7  8  4 
 8  6  2 | 3  4  7 | 9  5  1 
---------+---------+---------+
 2  1  9 | 6  7  3 | 8  4  5 
 3  8  7 | 4  1  5 | 2  9  6 
 5  4  6 | 9  2  8 | 1  7  3 
---------+---------+---------+
 6  2  8 | 1  9  4 | 5  3  7 
 4  9  5 | 7  3  2 | 6  1  8 
 7  3  1 | 8  5  6 | 4  2  9 
Effort: 144

 1  2  6 | 4  7  8 | 5  9  3 
 8  3  7 | 5  9  2 | 4  6  1 
 9  4  5 | 3  6  1 | 2  7  8 
---------+---------+---------+
 4  1  2 | 9  3  7 | 8  5  6 
 5  6  9 | 1  8  4 | 7  3  2 
 7  8  3 | 2  5  6 | 9  1  4 
---------+---------+---------+
 2  5  1 | 6  4  9 | 3  8  7 
 3  7  4 | 8  1  5 | 6  2  9 
 6  9  8 | 7  2  3 | 1  4  5 
Effort: 304

 9  6  4 | 8  1  5 | 2  3  7 
 2  5  8 | 6  3  7 | 1  4  9 
 3  1  7 | 9  2  4 | 6  5  8 
---------+---------+---------+
 8  7  2 | 1  5  9 | 3  6  4 
 4  9  5 | 2  6  3 | 7  8  1 
 6  3  1 | 4  7  8 | 9  2  5 
---------+---------+---------+
 7  8  3 | 5  9  6 | 4  1  2 
 5  2  9 | 3  4  1 | 8  7  6 
 1  4  6 | 7  8  2 | 5  9  3 
Effort: 762

 4  7  6 | 5  2  9 | 1  8  3 
 8  9  5 | 1  7  3 | 6  2  4 
 3  2  1 | 8  6  4 | 7  9  5 
---------+---------+---------+
 5  1  7 | 3  9  8 | 2  4  6 
 2  8  9 | 6  4  5 | 3  7  1 
 6  3  4 | 7  1  2 | 9  5  8 
---------+---------+---------+
 7  5  2 | 4  3  1 | 8  6  9 
 1  6  8 | 9  5  7 | 4  3  2 
 9  4  3 | 2  8  6 | 5  1  7 
Effort: 907

 5  3  8 | 1  2  7 | 9  4  6 
 6  2  4 | 8  3  9 | 7  5  1 
 7  1  9 | 6  4  5 | 3  8  2 
---------+---------+---------+
 9  6  5 | 3  1  4 | 8  2  7 
 3  8  1 | 7  6  2 | 5  9  4 
 2  4  7 | 5  9  8 | 1  6  3 
---------+---------+---------+
 4  9  3 | 2  8  1 | 6  7  5 
 8  5  6 | 4  7  3 | 2  1  9 
 1  7  2 | 9  5  6 | 4  3  8 
Effort: 476

 1  2  4 | 5  9  7 | 8  6  3 
 9  3  7 | 6  4  8 | 2  1  5 
 8  5  6 | 2  3  1 | 7  4  9 
---------+---------+---------+
 5  1  3 | 7  8  6 | 4  9  2 
 4  8  2 | 9  1  3 | 6  5  7 
 7  6  9 | 4  2  5 | 1  3  8 
---------+---------+---------+
 6  9  8 | 3  7  4 | 5  2  1 
 3  4  1 | 8  5  2 | 9  7  6 
 2  7  5 | 1  6  9 | 3  8  4 
Effort: 4977

 8  7  2 | 4  5  9 | 6  3  1 
 1  5  4 | 6  8  3 | 9  7  2 
 9  6  3 | 7  2  1 | 4  8  5 
---------+---------+---------+
 2  1  6 | 8  3  4 | 7  5  9 
 5  4  9 | 2  1  7 | 3  6  8 
 7  3  8 | 5  9  6 | 1  2  4 
---------+---------+---------+
 4  8  1 | 3  6  2 | 5  9  7 
 6  2  7 | 9  4  5 | 8  1  3 
 3  9  5 | 1  7  8 | 2  4  6 
Effort: 1177

 9  4  7 | 3  2  6 | 5  8  1 
 8  5  2 | 4  9  1 | 6  7  3 
 1  3  6 | 5  8  7 | 9  4  2 
---------+---------+---------+
 2  8  4 | 7  3  5 | 1  6  9 
 6  9  3 | 8  1  2 | 4  5  7 
 7  1  5 | 6  4  9 | 2  3  8 
---------+---------+---------+
 5  7  9 | 1  6  8 | 3  2  4 
 3  2  8 | 9  5  4 | 7  1  6 
 4  6  1 | 2  7  3 | 8  9  5 
Effort: 123

 2  1  5 | 8  7  6 | 9  4  3 
 6  7  8 | 3  9  4 | 2  1  5 
 3  4  9 | 1  2  5 | 8  7  6 
---------+---------+---------+
 5  8  7 | 4  3  2 | 1  6  9 
 4  6  3 | 9  8  1 | 7  5  2 
 1  9  2 | 6  5  7 | 3  8  4 
---------+---------+---------+
 8  2  6 | 7  4  3 | 5  9  1 
 7  3  4 | 5  1  9 | 6  2  8 
 9  5  1 | 2  6  8 | 4  3  7 
Effort: 4742

 1  2  4 | 3  9  7 | 8  5  6 
 8  3  5 | 6  4  1 | 2  9  7 
 9  6  7 | 8  2  5 | 3  4  1 
---------+---------+---------+
 2  4  1 | 5  3  8 | 7  6  9 
 5  8  3 | 7  6  9 | 4  1  2 
 6  7  9 | 4  1  2 | 5  3  8 
---------+---------+---------+
 3  1  2 | 9  7  4 | 6  8  5 
 4  9  8 | 2  5  6 | 1  7  3 
 7  5  6 | 1  8  3 | 9  2  4 
Effort: 816

 1  2  5 | 9  7  6 | 3  4  8 
 3  6  9 | 4  2  8 | 5  1  7 
 7  8  4 | 3  5  1 | 9  2  6 
---------+---------+---------+
 2  5  3 | 8  1  7 | 6  9  4 
 4  1  6 | 2  9  3 | 8  7  5 
 8  9  7 | 6  4  5 | 1  3  2 
---------+---------+---------+
 9  7  8 | 5  3  2 | 4  6  1 
 6  3  1 | 7  8  4 | 2  5  9 
 5  4  2 | 1  6  9 | 7  8  3 
Effort: 2319

 2  8  3 | 7  4  1 | 5  9  6 
 6  1  5 | 2  3  9 | 7  4  8 
 9  7  4 | 8  6  5 | 3  2  1 
---------+---------+---------+
 3  9  7 | 1  2  6 | 8  5  4 
 8  6  1 | 4  5  3 | 9  7  2 
 4  5  2 | 9  7  8 | 6  1  3 
---------+---------+---------+
 5  2  8 | 3  9  4 | 1  6  7 
 7  3  6 | 5  1  2 | 4  8  9 
 1  4  9 | 6  8  7 | 2  3  5 
Effort: 1555

 9  5  7 | 6  3  8 | 4  2  1 
 1  4  6 | 7  2  9 | 3  8  5 
 8  3  2 | 5  4  1 | 6  7  9 
---------+---------+---------+
 4  1  9 | 3  5  2 | 7  6  8 
 6  2  8 | 4  1  7 | 9  5  3 
 3  7  5 | 9  8  6 | 1  4  2 
---------+---------+---------+
 7  9  1 | 2  6  5 | 8  3  4 
 5  8  3 | 1  7  4 | 2  9  6 
 2  6  4 | 8  9  3 | 5  1  7 
Effort: 1492

 1  2  7 | 3  6  5 | 4  8  9 
 8  5  3 | 4  9  1 | 2  7  6 
 9  6  4 | 2  7  8 | 3  5  1 
---------+---------+---------+
 2  3  1 | 7  5  6 | 8  9  4 
 5  4  8 | 9  3  2 | 6  1  7 
 6  7  9 | 1  8  4 | 5  2  3 
---------+---------+---------+
 3  1  2 | 5  4  7 | 9  6  8 
 4  8  5 | 6  1  9 | 7  3  2 
 7  9  6 | 8  2  3 | 1  4  5 
Effort: 1450

 3  4  5 | 6  7  1 | 2  9  8 
 9  8  7 | 2  5  3 | 1  4  6 
 6  2  1 | 9  8  4 | 5  7  3 
---------+---------+---------+
 2  6  4 | 7  9  5 | 8  3  1 
 5  7  3 | 8  1  6 | 4  2  9 
 1  9  8 | 4  3  2 | 6  5  7 
---------+---------+---------+
 8  3  6 | 5  2  9 | 7  1  4 
 7  1  2 | 3  4  8 | 9  6  5 
 4  5  9 | 1  6  7 | 3  8  2 
Effort: 2370

 2  6  5 | 3  8  9 | 4  7  1 
 8  7  4 | 2  5  1 | 6  9  3 
 1  9  3 | 6  4  7 | 8  5  2 
---------+---------+---------+
 3  2  7 | 8  9  4 | 1  6  5 
 9  4  6 | 1  2  5 | 3  8  7 
 5  1  8 | 7  6  3 | 2  4  9 
---------+---------+---------+
 6  3  1 | 5  7  8 | 9  2  4 
 4  5  2 | 9  1  6 | 7  3  8 
 7  8  9 | 4  3  2 | 5  1  6 
Effort: 15235

 8  4  2 | 3  5  9 | 1  6  7 
 5  7  3 | 1  8  6 | 9  4  2 
 6  1  9 | 2  7  4 | 5  3  8 
---------+---------+---------+
 1  2  7 | 8  6  5 | 3  9  4 
 4  3  5 | 7  9  1 | 2  8  6 
 9  6  8 | 4  2  3 | 7  1  5 
---------+---------+---------+
 7  8  1 | 9  4  2 | 6  5  3 
 3  5  4 | 6  1  7 | 8  2  9 
 2  9  6 | 5  3  8 | 4  7  1 
Effort: 8248

 5  3  8 | 2  1  9 | 7  4  6 
 9  6  2 | 8  7  4 | 5  3  1 
 1  7  4 | 3  5  6 | 2  9  8 
---------+---------+---------+
 2  8  3 | 4  9  7 | 6  1  5 
 7  4  1 | 5  6  8 | 3  2  9 
 6  9  5 | 1  2  3 | 8  7  4 
---------+---------+---------+
 3  2  9 | 6  4  5 | 1  8  7 
 8  5  7 | 9  3  1 | 4  6  2 
 4  1  6 | 7  8  2 | 9  5  3 
Effort: 1590

 8  6  3 | 7  5  1 | 2  9  4 
 9  5  7 | 4  3  2 | 6  8  1 
 1  2  4 | 6  8  9 | 5  7  3 
---------+---------+---------+
 5  3  2 | 9  7  6 | 1  4  8 
 6  1  9 | 8  4  3 | 7  2  5 
 7  4  8 | 1  2  5 | 9  3  6 
---------+---------+---------+
 3  8  6 | 2  1  7 | 4  5  9 
 2  9  5 | 3  6  4 | 8  1  7 
 4  7  1 | 5  9  8 | 3  6  2 
Effort: 574

 9  8  6 | 3  2  4 | 1  5  7 
 1  2  4 | 7  5  9 | 3  6  8 
 5  3  7 | 8  6  1 | 4  2  9 
---------+---------+---------+
 4  1  3 | 2  8  5 | 9  7  6 
 6  9  5 | 1  7  3 | 2  8  4 
 2  7  8 | 9  4  6 | 5  1  3 
---------+---------+---------+
 3  4  2 | 6  1  7 | 8  9  5 
 8  6  9 | 5  3  2 | 7  4  1 
 7  5  1 | 4  9  8 | 6  3  2 
Effort: 2988

 9  4  5 | 6  7  1 | 2  8  3 
 1  3  6 | 4  8  2 | 5  9  7 
 8  2  7 | 5  9  3 | 4  6  1 
---------+---------+---------+
 6  1  4 | 8  3  7 | 9  5  2 
 7  9  8 | 1  2  5 | 3  4  6 
 2  5  3 | 9  6  4 | 1  7  8 
---------+---------+---------+
 3  6  2 | 7  5  9 | 8  1  4 
 5  8  1 | 2  4  6 | 7  3  9 
 4  7  9 | 3  1  8 | 6  2  5 
Effort: 89

 7  2  4 | 3  6  9 | 8  5  1 
 6  5  1 | 2  4  8 | 7  9  3 
 8  9  3 | 7  1  5 | 6  4  2 
---------+---------+---------+
 3  7  5 | 6  9  1 | 4  2  8 
 9  1  2 | 8  7  4 | 3  6  5 
 4  8  6 | 5  2  3 | 9  1  7 
---------+---------+---------+
 2  3  8 | 4  5  6 | 1  7  9 
 1  4  7 | 9  8  2 | 5  3  6 
 5  6  9 | 1  3  7 | 2  8  4 
Effort: 10891

 1  2  6 | 4  3  7 | 9  5  8 
 8  9  5 | 6  2  1 | 4  7  3 
 3  7  4 | 9  8  5 | 1  2  6 
---------+---------+---------+
 4  5  7 | 1  9  3 | 8  6  2 
 9  8  3 | 2  4  6 | 5  1  7 
 6  1  2 | 5  7  8 | 3  9  4 
---------+---------+---------+
 2  6  9 | 3  1  4 | 7  8  5 
 5  4  8 | 7  6  9 | 2  3  1 
 7  3  1 | 8  5  2 | 6  4  9 
Effort: 1610

 1  5  2 | 9  4  6 | 8  3  7 
 9  6  3 | 5  8  7 | 4  2  1 
 8  4  7 | 2  3  1 | 6  9  5 
---------+---------+---------+
 5  7  4 | 8  6  3 | 9  1  2 
 2  8  9 | 4  1  5 | 7  6  3 
 6  3  1 | 7  2  9 | 5  4  8 
---------+---------+---------+
 7  9  6 | 1  5  2 | 3  8  4 
 4  1  5 | 3  9  8 | 2  7  6 
 3  2  8 | 6  7  4 | 1  5  9 
Effort: 685

 2  6  9 | 3  1  4 | 7  8  5 
 5  4  8 | 7  6  9 | 2  3  1 
 7  3  1 | 8  5  2 | 6  4  9 
---------+---------+---------+
 1  2  6 | 4  3  7 | 9  5  8 
 8  9  5 | 6  2  1 | 4  7  3 
 3  7  4 | 9  8  5 | 1  2  6 
---------+---------+---------+
 4  5  7 | 1  9  3 | 8  6  2 
 9  8  3 | 2  4  6 | 5  1  7 
 6  1  2 | 5  7  8 | 3  9  4 
Effort: 2637

 1  5  2 | 6  7  8 | 9  4  3 
 8  6  4 | 3  9  1 | 7  5  2 
 9  7  3 | 2  4  5 | 6  8  1 
---------+---------+---------+
 2  1  5 | 7  6  3 | 8  9  4 
 4  9  7 | 5  8  2 | 1  3  6 
 6  3  8 | 9  1  4 | 5  2  7 
---------+---------+---------+
 3  2  1 | 8  5  6 | 4  7  9 
 5  4  9 | 1  2  7 | 3  6  8 
 7  8  6 | 4  3  9 | 2  1  5 
Effort: 2437

 4  9  6 | 5  7  3 | 1  2  8 
 3  8  1 | 9  2  4 | 6  7  5 
 2  7  5 | 8  6  1 | 9  4  3 
---------+---------+---------+
 1  5  3 | 7  8  9 | 4  6  2 
 9  6  2 | 4  3  5 | 7  8  1 
 8  4  7 | 2  1  6 | 5  3  9 
---------+---------+---------+
 7  1  4 | 3  5  2 | 8  9  6 
 5  2  9 | 6  4  8 | 3  1  7 
 6  3  8 | 1  9  7 | 2  5  4 
Effort: 310

 2  5  3 | 4  7  9 | 8  6  1 
 7  6  1 | 2  3  8 | 5  9  4 
 8  9  4 | 5  1  6 | 7  3  2 
---------+---------+---------+
 3  2  6 | 7  9  1 | 4  5  8 
 9  1  5 | 8  2  4 | 3  7  6 
 4  8  7 | 6  5  3 | 2  1  9 
---------+---------+---------+
 5  4  8 | 1  6  7 | 9  2  3 
 1  3  2 | 9  8  5 | 6  4  7 
 6  7  9 | 3  4  2 | 1  8  5 
Effort: 1032

 9  6  3 | 7  4  1 | 2  5  8 
 1  5  2 | 3  9  8 | 6  7  4 
 8  7  4 | 2  6  5 | 3  9  1 
---------+---------+---------+
 3  4  5 | 8  7  2 | 1  6  9 
 2  1  8 | 9  5  6 | 7  4  3 
 6  9  7 | 1  3  4 | 8  2  5 
---------+---------+---------+
 7  2  1 | 4  8  9 | 5  3  6 
 5  8  9 | 6  2  3 | 4  1  7 
 4  3  6 | 5  1  7 | 9  8  2 
Effort: 982

 1  5  2 | 3  9  8 | 6  4  7 
 9  7  3 | 6  4  1 | 2  8  5 
 8  6  4 | 5  7  2 | 9  3  1 
---------+---------+---------+
 5  9  8 | 7  1  4 | 3  6  2 
 2  4  7 | 9  3  6 | 1  5  8 
 3  1  6 | 2  8  5 | 7  9  4 
---------+---------+---------+
 7  2  5 | 4  6  3 | 8  1  9 
 4  3  1 | 8  2  9 | 5  7  6 
 6  8  9 | 1  5  7 | 4  2  3 
Effort: 2334

 9  4  6 | 7  3  1 | 5  8  2 
 1  5  7 | 2  4  8 | 6  3  9 
 8  3  2 | 6  5  9 | 4  7  1 
---------+---------+---------+
 7  1  9 | 4  2  3 | 8  6  5 
 5  8  4 | 9  7  6 | 1  2  3 
 6  2  3 | 8  1  5 | 9  4  7 
---------+---------+---------+
 4  6  1 | 3  9  7 | 2  5  8 
 3  9  8 | 5  6  2 | 7  1  4 
 2  7  5 | 1  8  4 | 3  9  6 
Effort: 866

 9  3  2 | 4  7  5 | 8  6  1 
 6  1  7 | 9  2  8 | 5  3  4 
 8  4  5 | 6  1  3 | 2  7  9 
---------+---------+---------+
 5  6  8 | 7  4  1 | 3  9  2 
 4  2  9 | 8  3  6 | 7  1  5 
 1  7  3 | 2  5  9 | 6  4  8 
---------+---------+---------+
 3  5  6 | 1  9  2 | 4  8  7 
 2  9  4 | 3  8  7 | 1  5  6 
 7  8  1 | 5  6  4 | 9  2  3 
Effort: 21078

 6  1  8 | 4  5  9 | 7  2  3 
 3  4  2 | 8  6  7 | 5  1  9 
 5  7  9 | 1  2  3 | 4  6  8 
---------+---------+---------+
 2  9  6 | 5  3  4 | 1  8  7 
 7  8  4 | 2  9  1 | 6  3  5 
 1  5  3 | 7  8  6 | 2  9  4 
---------+---------+---------+
 9  2  7 | 6  4  8 | 3  5  1 
 8  6  1 | 3  7  5 | 9  4  2 
 4  3  5 | 9  1  2 | 8  7  6 
Effort: 6926

 9  5  7 | 2  6  1 | 3  8  4 
 8  4  6 | 5  3  7 | 9  2  1 
 1  2  3 | 4  8  9 | 5  6  7 
---------+---------+---------+
 7  3  4 | 9  2  6 | 8  1  5 
 2  9  5 | 8  1  4 | 7  3  6 
 6  1  8 | 3  7  5 | 4  9  2 
---------+---------+---------+
 5  7  2 | 1  9  8 | 6  4  3 
 4  8  1 | 6  5  3 | 2  7  9 
 3  6  9 | 7  4  2 | 1  5  8 
Effort: 349

 1  3  2 | 7  4  9 | 6  8  5 
 8  5  7 | 3  6  1 | 9  2  4 
 9  6  4 | 2  8  5 | 3  7  1 
---------+---------+---------+
 2  1  6 | 4  5  7 | 8  3  9 
 3  4  8 | 6  9  2 | 1  5  7 
 5  7  9 | 8  1  3 | 2  4  6 
---------+---------+---------+
 4  2  1 | 5  3  6 | 7  9  8 
 6  8  3 | 9  7  4 | 5  1  2 
 7  9  5 | 1  2  8 | 4  6  3 
Effort: 80

 7  4  6 | 5  1  3 | 8  9  2 
 1  3  2 | 8  6  9 | 7  5  4 
 5  9  8 | 7  4  2 | 3  1  6 
---------+---------+---------+
 3  6  7 | 9  2  5 | 4  8  1 
 9  2  5 | 4  8  1 | 6  7  3 
 4  8  1 | 6  3  7 | 9  2  5 
---------+---------+---------+
 6  7  9 | 1  5  4 | 2  3  8 
 2  5  4 | 3  7  8 | 1  6  9 
 8  1  3 | 2  9  6 | 5  4  7 
Effort: 1823

 9  5  6 | 3  2  7 | 8  4  1 
 1  2  7 | 4  8  6 | 3  9  5 
 8  3  4 | 9  5  1 | 2  6  7 
---------+---------+---------+
 5  4  8 | 7  3  9 | 6  1  2 
 2  7  1 | 8  6  4 | 5  3  9 
 3  6  9 | 2  1  5 | 4  7  8 
---------+---------+---------+
 7  9  3 | 5  4  8 | 1  2  6 
 4  1  5 | 6  9  2 | 7  8  3 
 6  8  2 | 1  7  3 | 9  5  4 
Effort: 1357

 9  3  5 | 7  4  8 | 6  2  1 
 8  7  6 | 2  3  1 | 5  9  4 
 1  2  4 | 6  9  5 | 7  8  3 
---------+---------+---------+
 5  1  2 | 4  6  9 | 3  7  8 
 6  4  3 | 8  7  2 | 9  1  5 
 7  8  9 | 1  5  3 | 4  6  2 
---------+---------+---------+
 2  6  7 | 5  1  4 | 8  3  9 
 4  9  1 | 3  8  6 | 2  5  7 
 3  5  8 | 9  2  7 | 1  4  6 
Effort: 557

 1  4  3 | 2  5  8 | 6  7  9 
 8  7  2 | 9  6  4 | 1  5  3 
 6  9  5 | 1  3  7 | 4  8  2 
---------+---------+---------+
 9  8  6 | 5  4  1 | 3  2  7 
 4  5  1 | 3  7  2 | 9  6  8 
 2  3  7 | 8  9  6 | 5  1  4 
---------+---------+---------+
 7  1  9 | 6  2  3 | 8  4  5 
 5  6  4 | 7  8  9 | 2  3  1 
 3  2  8 | 4  1  5 | 7  9  6 
Effort: 1029

 9  3  7 | 6  5  8 | 2  4  1 
 8  6  4 | 2  9  1 | 7  3  5 
 1  2  5 | 7  3  4 | 9  8  6 
---------+---------+---------+
 5  8  3 | 4  1  9 | 6  2  7 
 6  4  9 | 3  7  2 | 5  1  8 
 7  1  2 | 5  8  6 | 4  9  3 
---------+---------+---------+
 4  7  1 | 9  6  3 | 8  5  2 
 3  9  6 | 8  2  5 | 1  7  4 
 2  5  8 | 1  4  7 | 3  6  9 
Effort: 174

 9  2  4 | 3  6  1 | 7  5  8 
 1  5  6 | 4  7  8 | 2  9  3 
 8  3  7 | 5  9  2 | 6  4  1 
---------+---------+---------+
 6  1  3 | 2  4  7 | 9  8  5 
 7  4  9 | 1  8  5 | 3  2  6 
 5  8  2 | 9  3  6 | 1  7  4 
---------+---------+---------+
 4  9  8 | 6  2  3 | 5  1  7 
 3  7  1 | 8  5  9 | 4  6  2 
 2  6  5 | 7  1  4 | 8  3  9 
Effort: 742

 8  5  6 | 4  9  1 | 3  7  2 
 1  4  3 | 5  7  2 | 6  9  8 
 9  2  7 | 3  6  8 | 4  5  1 
---------+---------+---------+
 2  7  8 | 6  4  5 | 1  3  9 
 5  1  4 | 9  2  3 | 7  8  6 
 6  3  9 | 8  1  7 | 2  4  5 
---------+---------+---------+
 3  6  1 | 7  8  9 | 5  2  4 
 4  8  5 | 2  3  6 | 9  1  7 
 7  9  2 | 1  5  4 | 8  6  3 
Effort: 205

 6  5  9 | 4  1  2 | 3  7  8 
 2  3  8 | 6  7  9 | 4  5  1 
 7  4  1 | 3  8  5 | 2  9  6 
---------+---------+---------+
 8  6  5 | 7  2  3 | 1  4  9 
 4  2  7 | 8  9  1 | 6  3  5 
 9  1  3 | 5  4  6 | 7  8  2 
---------+---------+---------+
 3  9  6 | 1  5  7 | 8  2  4 
 5  7  4 | 2  6  8 | 9  1  3 
 1  8  2 | 9  3  4 | 5  6  7 
Effort: 1321

 3  5  4 | 1  8  6 | 9  2  7 
 2  9  8 | 7  4  3 | 6  1  5 
 1  6  7 | 9  5  2 | 4  8  3 
---------+---------+---------+
 4  8  1 | 5  2  7 | 3  6  9 
 9  3  2 | 6  1  4 | 5  7  8 
 5  7  6 | 3  9  8 | 2  4  1 
---------+---------+---------+
 7  2  9 | 8  6  5 | 1  3  4 
 8  4  5 | 2  3  1 | 7  9  6 
 6  1  3 | 4  7  9 | 8  5  2 
Effort: 1615
